Read instances: 0.80 s
Generate matrices: 3.58 s
The optimal value is 0.8064285714285714
###############################################
################## SCHEDULE ####################
###############################################
Activity: Initial Activity (1) 	 Start Period: 0 	 End Period: 0
Activity: Hiring and Onboarding Employees with ClickUp (2.0) 	 Start Period: 1 	 End Period: 1
Activity: How to create a Jira SCRUM project (2.0) 	 Start Period: 1 	 End Period: 2
Activity: Off the Clock: The Many Faces of Time (4.0) 	 Start Period: 2 	 End Period: 2
Activity: Lesson | Business English Skills: Introducing Your (1.0) 	 Start Period: 2 	 End Period: 2
Solve time: 0.11
Job affinity: 19.048
Skills per Unit
	 Initial Activity:
	 How to create a Jira SCRUM project:
		 Plan menu options
	 Hiring and Onboarding Employees with ClickUp:
		 Perform human resources activities
	 Off the Clock: The Many Faces of Time:
		 Plan special events
	 Lesson | Business English Skills: Introducing Yourself in Business Settings:
		 Communicate with customers to resolve complaints or ensure satisfaction
Skills for Job Chefs
Check quality of foods or supplies
Train food preparation or food service staff
Coordinate activities of food service staff
Coordinate food preparation
Inspect facilities, equipment or supplies to ensure conformance to standards
Create new recipes
Manage food service operations
Order materials, supplies, or equipment
Cook foods
Estimate supplies, ingredients or staff requirements for food preparation activities
Record operational or production data
Weigh or measure ingredients
Plan menu options
Preserve food products by pickling, curing, sugaring, or jellying
Preserve food products by freezing or heat processing
Determine prices for menu items
Melt, temper or shape chocolate
Schedule equipment maintenance
Communicate with customers to resolve complaints or ensure satisfaction
Plan special events
Perform human resources activities
