Read instances: 0.74 s
Generate matrices: 3.37 s
The optimal value is 0.6649999999999999
###############################################
################## SCHEDULE ####################
###############################################
Activity: Initial Activity (1) 	 Start Period: 0 	 End Period: 0
Activity: How To Create An Interactive Resume On Tableau (2.0) 	 Start Period: 1 	 End Period: 1
Activity: Lesson | Telephone Language (1.0) 	 Start Period: 1 	 End Period: 1
Activity: How to create a Jira SCRUM project (2.0) 	 Start Period: 1 	 End Period: 1
Activity: The Science of Gastronomy (15.0) 	 Start Period: 1 	 End Period: 2
Solve time: 0.15
Job affinity: 33.333
Skills per Unit
	 Initial Activity:
	 How to create a Jira SCRUM project:
		 Plan menu options
	 The Science of Gastronomy:
		 Check quality of foods or supplies
		 Cook foods
		 Coordinate food preparation
		 Create new recipes
	 How To Create An Interactive Resume On Tableau:
		 Perform human resources activities
	 Lesson | Telephone Language:
		 Communicate with customers to resolve complaints or ensure satisfaction
Skills for Job Chefs
Check quality of foods or supplies
Train food preparation or food service staff
Coordinate activities of food service staff
Coordinate food preparation
Inspect facilities, equipment or supplies to ensure conformance to standards
Create new recipes
Manage food service operations
Order materials, supplies, or equipment
Cook foods
Estimate supplies, ingredients or staff requirements for food preparation activities
Record operational or production data
Weigh or measure ingredients
Plan menu options
Preserve food products by pickling, curing, sugaring, or jellying
Preserve food products by freezing or heat processing
Determine prices for menu items
Melt, temper or shape chocolate
Schedule equipment maintenance
Communicate with customers to resolve complaints or ensure satisfaction
Plan special events
Perform human resources activities
