Read instances: 0.71 s
Generate matrices: 3.24 s
The optimal value is 0.5707142857142856
###############################################
################## SCHEDULE ####################
###############################################
Activity: Initial Activity (1) 	 Start Period: 0 	 End Period: 0
Activity: Cooking for Busy Healthy People (12.0) 	 Start Period: 1 	 End Period: 1
Activity: Child Nutrition and Cooking (11.0) 	 Start Period: 1 	 End Period: 2
Activity: Beer Quality: Freshness (10.0) 	 Start Period: 2 	 End Period: 2
Activity: How To Create An Interactive Resume On Tableau (2.0) 	 Start Period: 2 	 End Period: 2
Activity: Lesson | Business English Skills: Introducing Your (1.0) 	 Start Period: 2 	 End Period: 2
Activity: Lesson | Telephone Language (1.0) 	 Start Period: 2 	 End Period: 2
Activity: How to create a Jira SCRUM project (2.0) 	 Start Period: 2 	 End Period: 2
Solve time: 0.93
Job affinity: 42.857
Skills per Unit
	 Initial Activity:
	 How to create a Jira SCRUM project:
		 Plan menu options
	 Child Nutrition and Cooking:
		 Coordinate food preparation
		 Estimate supplies, ingredients or staff requirements for food preparation activities
	 Cooking for Busy Healthy People:
		 Cook foods
		 Create new recipes
	 Beer Quality: Freshness:
		 Check quality of foods or supplies
		 Preserve food products by freezing or heat processing
	 How To Create An Interactive Resume On Tableau:
		 Perform human resources activities
	 Lesson | Business English Skills: Introducing Yourself in Business Settings:
		 Communicate with customers to resolve complaints or ensure satisfaction
	 Lesson | Telephone Language:
		 Communicate with customers to resolve complaints or ensure satisfaction
Skills for Job Chefs
Check quality of foods or supplies
Train food preparation or food service staff
Coordinate activities of food service staff
Coordinate food preparation
Inspect facilities, equipment or supplies to ensure conformance to standards
Create new recipes
Manage food service operations
Order materials, supplies, or equipment
Cook foods
Estimate supplies, ingredients or staff requirements for food preparation activities
Record operational or production data
Weigh or measure ingredients
Plan menu options
Preserve food products by pickling, curing, sugaring, or jellying
Preserve food products by freezing or heat processing
Determine prices for menu items
Melt, temper or shape chocolate
Schedule equipment maintenance
Communicate with customers to resolve complaints or ensure satisfaction
Plan special events
Perform human resources activities
