Read instances: 0.82 s
Generate matrices: 3.79 s
The optimal value is 0.5
###############################################
################## SCHEDULE ####################
###############################################
Activity: Initial Activity (1) 	 Start Period: 0 	 End Period: 0
Activity: EDIVET: Do you have what it takes to be a veterina (9.0) 	 Start Period: 1 	 End Period: 1
Activity: Inspiring Peak Performance on Technical Teams (12.0) 	 Start Period: 1 	 End Period: 2
Activity: Fundamentals for Implementing a Hypertension Progr (3.0) 	 Start Period: 2 	 End Period: 2
Activity: Terraform Basics: Automate Provisioning of AWS EC2 (2.0) 	 Start Period: 2 	 End Period: 2
Activity: Azure: create a REST API using NodeJS Serverless F (2.0) 	 Start Period: 2 	 End Period: 2
Activity: Sales Fundamentals (10.0) 	 Start Period: 2 	 End Period: 2
Activity: Create your e-commerce store with Shopify (2.0) 	 Start Period: 2 	 End Period: 2
Solve time: 0.47
Job affinity: 50.000
Skills per Unit
	 Initial Activity:
	 Sales Fundamentals:
		 Schedule appointments
	 Create your e-commerce store with Shopify:
		 Maintain supply or equipment inventories
	 Inspiring Peak Performance on Technical Teams:
		 Explain regulations, policies or procedures
		 Perform administrative or clerical tasks
	 EDIVET: Do you have what it takes to be a veterinarian?:
		 Care for animals
		 Comply with industry animal welfare requirements
		 Monitor health or behaviour of animals
	 Fundamentals for Implementing a Hypertension Program:
		 Administer health care or medical treatments
	 Terraform Basics: Automate Provisioning of AWS EC2 Instances:
		 Maintain facilities
	 Azure: create a REST API using NodeJS Serverless Functions:
		 Discuss service options or needs with clients
Skills for Job Animal Attendants and Trainers
Care for animals
Maintain facilities
Monitor health or behaviour of animals
Train animals
Comply with industry animal welfare requirements
Discuss service options or needs with clients
Respond to customer inquiries
Document client health or progress
Prepare food
Administer health care or medical treatments
Perform administrative or clerical tasks
Schedule appointments
Clean tools or equipment
Sell goods or services
Clean work areas or facilities
Perform housekeeping duties
Monitor patron activities to identify problems or potential problems
Explain regulations, policies or procedures
Maintain supply or equipment inventories
Order materials, supplies, or equipment
