Read instances: 0.80 s
Generate matrices: 3.91 s
The optimal value is 0.6485
###############################################
################## SCHEDULE ####################
###############################################
Activity: Initial Activity (1) 	 Start Period: 0 	 End Period: 0
Activity: Fundamentals for Implementing a Hypertension Progr (3.0) 	 Start Period: 1 	 End Period: 1
Activity: Terraform Basics: Automate Provisioning of AWS EC2 (2.0) 	 Start Period: 1 	 End Period: 1
Activity: EDIVET: Do you have what it takes to be a veterina (9.0) 	 Start Period: 1 	 End Period: 2
Activity: Flush Out a Feature on Coursera in Miro (2.0) 	 Start Period: 2 	 End Period: 2
Activity: Setting up AWS Application Load Balancer (2.0) 	 Start Period: 2 	 End Period: 2
Solve time: 0.27
Job affinity: 35.000
Skills per Unit
	 Initial Activity:
	 Flush Out a Feature on Coursera in Miro:
		 Maintain supply or equipment inventories
	 EDIVET: Do you have what it takes to be a veterinarian?:
		 Care for animals
		 Comply with industry animal welfare requirements
		 Monitor health or behaviour of animals
	 Fundamentals for Implementing a Hypertension Program:
		 Administer health care or medical treatments
	 Terraform Basics: Automate Provisioning of AWS EC2 Instances:
		 Maintain facilities
	 Setting up AWS Application Load Balancer:
		 Discuss service options or needs with clients
Skills for Job Animal Attendants and Trainers
Care for animals
Maintain facilities
Monitor health or behaviour of animals
Train animals
Comply with industry animal welfare requirements
Discuss service options or needs with clients
Respond to customer inquiries
Document client health or progress
Prepare food
Administer health care or medical treatments
Perform administrative or clerical tasks
Schedule appointments
Clean tools or equipment
Sell goods or services
Clean work areas or facilities
Perform housekeeping duties
Monitor patron activities to identify problems or potential problems
Explain regulations, policies or procedures
Maintain supply or equipment inventories
Order materials, supplies, or equipment
