Read instances: 0.74 s
Generate matrices: 2.72 s
The optimal value is 0.5291176470588236
###############################################
################## SCHEDULE ####################
###############################################
Activity: Initial Activity (1) 	 Start Period: 0 	 End Period: 0
Activity: Animal Behaviour and Welfare (9.0) 	 Start Period: 1 	 End Period: 1
Activity: Perspectives in Digital Transformation: Agribusine (8.0) 	 Start Period: 1 	 End Period: 1
Activity: Infection Prevention in Nursing Homes (5.0) 	 Start Period: 1 	 End Period: 2
Activity: Understanding Plants - Part II: Fundamentals of Pl (5.0) 	 Start Period: 2 	 End Period: 2
Activity: AWS: Monitoring and Logging (10.0) 	 Start Period: 2 	 End Period: 2
Activity: Create your e-commerce store with Shopify (2.0) 	 Start Period: 2 	 End Period: 2
Solve time: 0.22
Job affinity: 47.059
Skills per Unit
	 Initial Activity:
	 Create your e-commerce store with Shopify:
		 Maintain inventories of materials, equipment or products
	 Perspectives in Digital Transformation: Agribusiness:
		 Harvest agricultural products
		 Operate farming or agricultural equipment
	 Animal Behaviour and Welfare:
		 Capture or kill animals
	 Infection Prevention in Nursing Homes:
		 Clean equipment or facilities
	 Understanding Plants - Part II: Fundamentals of Plant Biology:
		 Apply chemical solutions to plants for protection or to enhance growth
		 Evaluate quality or condition of plants or crops
		 Harvest agricultural products
	 AWS: Monitoring and Logging:
		 Maintain operational records
Skills for Job Nurserypersons
Plant crops, trees or other plants
Package agricultural products for shipment or further processing
Evaluate quality or condition of plants or crops
Transport animals, crops, or equipment
Operate irrigation systems
Advise others on farming or forestry operations, regulations or equipment
Apply chemical solutions to plants for protection or to enhance growth
Clean equipment or facilities
Sell agricultural products
Prepare land for agricultural use
Maintain operational records
Harvest agricultural products
Mark agricultural or forestry products for identification
Operate farming or agricultural equipment
Cut trees or logs
Maintain inventories of materials, equipment or products
Capture or kill animals
