Read instances: 0.70 s
Generate matrices: 2.54 s
The optimal value is 0.7620588235294117
###############################################
################## SCHEDULE ####################
###############################################
Activity: Initial Activity (1) 	 Start Period: 0 	 End Period: 0
Activity: Understanding Plants - Part II: Fundamentals of Pl (5.0) 	 Start Period: 1 	 End Period: 1
Activity: Flush Out a Feature on Coursera in Miro (2.0) 	 Start Period: 2 	 End Period: 2
Solve time: 0.05
Job affinity: 23.529
Skills per Unit
	 Initial Activity:
	 Flush Out a Feature on Coursera in Miro:
		 Maintain inventories of materials, equipment or products
	 Understanding Plants - Part II: Fundamentals of Plant Biology:
		 Apply chemical solutions to plants for protection or to enhance growth
		 Evaluate quality or condition of plants or crops
		 Harvest agricultural products
Skills for Job Nurserypersons
Plant crops, trees or other plants
Package agricultural products for shipment or further processing
Evaluate quality or condition of plants or crops
Transport animals, crops, or equipment
Operate irrigation systems
Advise others on farming or forestry operations, regulations or equipment
Apply chemical solutions to plants for protection or to enhance growth
Clean equipment or facilities
Sell agricultural products
Prepare land for agricultural use
Maintain operational records
Harvest agricultural products
Mark agricultural or forestry products for identification
Operate farming or agricultural equipment
Cut trees or logs
Maintain inventories of materials, equipment or products
Capture or kill animals
