Read instances: 0.72 s
Generate matrices: 2.71 s
The optimal value is 0.6455882352941177
###############################################
################## SCHEDULE ####################
###############################################
Activity: Initial Activity (1) 	 Start Period: 0 	 End Period: 0
Activity: Challenges of Agribusiness Management (5.0) 	 Start Period: 1 	 End Period: 1
Activity: Create your e-commerce store with Shopify (2.0) 	 Start Period: 1 	 End Period: 1
Activity: Understanding Plants - Part II: Fundamentals of Pl (5.0) 	 Start Period: 1 	 End Period: 2
Activity: Golf Course Management: Best Practices (7.0) 	 Start Period: 2 	 End Period: 2
Solve time: 0.11
Job affinity: 35.294
Skills per Unit
	 Initial Activity:
	 Challenges of Agribusiness Management:
		 Harvest agricultural products
		 Package agricultural products for shipment or further processing
	 Create your e-commerce store with Shopify:
		 Maintain inventories of materials, equipment or products
	 Understanding Plants - Part II: Fundamentals of Plant Biology:
		 Apply chemical solutions to plants for protection or to enhance growth
		 Evaluate quality or condition of plants or crops
		 Harvest agricultural products
	 Golf Course Management: Best Practices:
		 Clean equipment or facilities
Skills for Job Nurserypersons
Plant crops, trees or other plants
Package agricultural products for shipment or further processing
Evaluate quality or condition of plants or crops
Transport animals, crops, or equipment
Operate irrigation systems
Advise others on farming or forestry operations, regulations or equipment
Apply chemical solutions to plants for protection or to enhance growth
Clean equipment or facilities
Sell agricultural products
Prepare land for agricultural use
Maintain operational records
Harvest agricultural products
Mark agricultural or forestry products for identification
Operate farming or agricultural equipment
Cut trees or logs
Maintain inventories of materials, equipment or products
Capture or kill animals
