Read instances: 0.74 s
Generate matrices: 4.73 s
The optimal value is 0.5495
###############################################
################## SCHEDULE ####################
###############################################
Activity: Initial Activity (1) 	 Start Period: 0 	 End Period: 0
Activity: Voice of the Customer (VoC): Enhancing Experiences (2.0) 	 Start Period: 1 	 End Period: 1
Activity: AWS: CI/CD Pipelines and Deployment Strategies (10.0) 	 Start Period: 1 	 End Period: 1
Activity: Golf Course Management: Best Practices (7.0) 	 Start Period: 1 	 End Period: 1
Activity: Visual Communication through zines using Scribus & (2.0) 	 Start Period: 1 	 End Period: 2
Activity: AWS: Monitoring, Logging and Governance (10.0) 	 Start Period: 2 	 End Period: 2
Activity: Exam Prep: AWS Certified Cloud Practitioner Founda (9.0) 	 Start Period: 2 	 End Period: 2
Solve time: 0.56
Job affinity: 45.000
Skills per Unit
	 Initial Activity:
	 Voice of the Customer (VoC): Enhancing Experiences:
		 Advise customers on the use of goods or services
	 Visual Communication through zines using Scribus & Issuu.com:
		 Draw detailed or technical illustrations
	 AWS: CI/CD Pipelines and Deployment Strategies:
		 Remove debris from work sites
	 AWS: Monitoring, Logging and Governance:
		 Maintain operational records
	 Exam Prep: AWS Certified Cloud Practitioner Foundations:
		 Estimate maintenance service requirements or costs
	 Golf Course Management: Best Practices:
		 Coordinate construction project activities
		 Cultivate and maintain lawns, plants and gardens
		 Develop detailed project plans
		 Inspect landscaping to determine treatment needs
Skills for Job Landscape Gardeners and Irrigation Technicians
Operate grounds maintenance equipment
Operate irrigation systems
Cultivate and maintain lawns, plants and gardens
Maintain operational records
Remove debris from work sites
Irrigate lawns, trees or plants
Dig holes or trenches
Supervise maintenance workers
Develop detailed project plans
Maintain equipment or systems to ensure proper functioning
Survey land or properties
Inspect landscaping to determine treatment needs
Review blueprints or specifications to determine work requirements
Estimate maintenance service requirements or costs
Coordinate construction project activities
Transport animals, crops, or equipment
Provide information about landscaping services or costs
Advise customers on the use of goods or services
Draw detailed or technical illustrations
Drive vehicles to, or at, work sites
