Read instances: 0.79 s
Generate matrices: 2.92 s
The optimal value is 0.5
###############################################
################## SCHEDULE ####################
###############################################
Activity: Initial Activity (1) 	 Start Period: 0 	 End Period: 0
Activity: Create your e-commerce store with Shopify (2.0) 	 Start Period: 1 	 End Period: 1
Activity: Encoder-Decoder Architecture (1.0) 	 Start Period: 1 	 End Period: 1
Activity: Everyday Chinese Medicine 2 (3.0) 	 Start Period: 1 	 End Period: 2
Activity: Planning a Generative AI Project (1.0) 	 Start Period: 2 	 End Period: 2
Activity: Finite Element Analysis Convergence and Mesh Indep (2.0) 	 Start Period: 2 	 End Period: 2
Solve time: 0.06
Job affinity: 50.000
Skills per Unit
	 Initial Activity:
	 Create your e-commerce store with Shopify:
		 Maintain inventories of materials, equipment or products
	 Planning a Generative AI Project:
		 Collaborate with others to determine technical details of productions
	 Everyday Chinese Medicine 2:
		 Evaluate quality of materials or products
	 Encoder-Decoder Architecture:
		 Maintain knowledge of current developments in area of expertise
	 Finite Element Analysis Convergence and Mesh Independence:
		 Compare physical characteristics of materials or products to specifications or standards
Skills for Job Other Miscellaneous Technicians and Trades Workers
Collaborate with others to determine technical details of productions
Maintain knowledge of current developments in area of expertise
Assemble products or production equipment
Evaluate quality of materials or products
Maintain work equipment or machinery
Compare physical characteristics of materials or products to specifications or standards
Clean or repair equipment, parts or tools
Maintain operational records
Read work orders or other instructions to determine product specifications or materials requirements
Maintain inventories of materials, equipment or products
