Read instances: 0.71 s
Generate matrices: 3.23 s
The optimal value is 0.2525
###############################################
################## SCHEDULE ####################
###############################################
Activity: Initial Activity (1) 	 Start Period: 0 	 End Period: 0
Activity: Understanding and Managing the Stresses of Police  (2.0) 	 Start Period: 1 	 End Period: 1
Activity: Visualizing the Living Body: Diagnostic Imaging (9.0) 	 Start Period: 1 	 End Period: 2
Activity: COVID-19 Training for Healthcare Workers (8.0) 	 Start Period: 2 	 End Period: 2
Solve time: 0.15
Job affinity: 75.000
Skills per Unit
	 Initial Activity:
	 Visualizing the Living Body: Diagnostic Imaging:
		 Confer with other professionals to plan patient care
		 Maintain medical records
	 COVID-19 Training for Healthcare Workers:
		 Administer therapy treatments to patients
		 Assess physical conditions of patients to aid in diagnosis or treatment
		 Confer with other professionals to plan patient care
		 Develop patient therapy programs
	 Understanding and Managing the Stresses of Police Work:
		 Administer relaxation or remedial massage
Skills for Job Massage Therapists
Administer therapy treatments to patients
Administer relaxation or remedial massage
Maintain medical records
Interview patients to gather medical information
Assess physical conditions of patients to aid in diagnosis or treatment
Teach medical procedures or medical equipment use to patients
Develop patient therapy programs
Confer with other professionals to plan patient care
