Read instances: 0.74 s
Generate matrices: 3.36 s
The optimal value is 0.203
###############################################
################## SCHEDULE ####################
###############################################
Activity: Initial Activity (1) 	 Start Period: 0 	 End Period: 0
Activity: Suicide Prevention (6.0) 	 Start Period: 1 	 End Period: 1
Activity: Whole genome sequencing of bacterial genomes - too (6.0) 	 Start Period: 1 	 End Period: 1
Activity: Deploy Machine Learning Model into AWS Cloud Serve (2.0) 	 Start Period: 1 	 End Period: 1
Activity: Metaliteracy: Empowering Yourself in a Connected W (4.0) 	 Start Period: 1 	 End Period: 1
Activity: Lesson | Get Ready for the Interview (1.0) 	 Start Period: 1 	 End Period: 1
Activity: Become a Peer Sponsor: Intro to Military Transitio (4.0) 	 Start Period: 1 	 End Period: 2
Activity: Health After Cancer: Cancer Survivorship for Prima (2.0) 	 Start Period: 2 	 End Period: 2
Activity: ADP Accountant Connect Certification (4.0) 	 Start Period: 2 	 End Period: 2
Solve time: 0.32
Job affinity: 80.000
Skills per Unit
	 Initial Activity:
	 ADP Accountant Connect Certification:
		 Collect information about clients
	 Whole genome sequencing of bacterial genomes - tools and applications:
		 Monitor health or behaviour of people
	 Health After Cancer: Cancer Survivorship for Primary Care:
		 Collaborate with other professionals to assess client needs or plan treatments
	 Deploy Machine Learning Model into AWS Cloud Servers:
		 Develop plans for programs or services
	 Become a Peer Sponsor: Intro to Military Transition Support:
		 Help clients get needed services or resources
	 Suicide Prevention:
		 Counsel clients or patients regarding personal issues
	 Metaliteracy: Empowering Yourself in a Connected World:
		 Advise others on social or educational issues
	 Lesson | Get Ready for the Interview:
		 Interview clients to gather information about their backgrounds, needs or progress
Skills for Job Welfare Support Workers
Help clients get needed services or resources
Refer clients to community or social service programs
Advise others on social or educational issues
Interview clients to gather information about their backgrounds, needs or progress
Collaborate with other professionals to assess client needs or plan treatments
Maintain client records
Monitor health or behaviour of people
Counsel clients or patients regarding personal issues
Collect information about clients
Develop plans for programs or services
