Read instances: 0.78 s
Generate matrices: 19.50 s
The optimal value is 0.2525
###############################################
################## SCHEDULE ####################
###############################################
Activity: Initial Activity (1) 	 Start Period: 0 	 End Period: 0
Activity: Create Employee Management System with When I Work (2.0) 	 Start Period: 1 	 End Period: 1
Activity: Healthcare Consumerism and Implication for Care De (12.0) 	 Start Period: 1 	 End Period: 1
Activity: Design Thinking and Global Startup (7.0) 	 Start Period: 1 	 End Period: 2
Activity: Application of Data Analysis in Business with R Pr (2.0) 	 Start Period: 2 	 End Period: 2
Activity: Set up AWS Billing Alerts using AWS Budgets (2.0) 	 Start Period: 2 	 End Period: 2
Activity: Assimilating into Your New Job (2.0) 	 Start Period: 2 	 End Period: 2
Activity: Getting Started with Microsoft OneDrive (2.0) 	 Start Period: 2 	 End Period: 2
Activity: Create a Free Marketing Calendar with CoSchedule (10.0) 	 Start Period: 2 	 End Period: 2
Solve time: 2.81
Job affinity: 75.000
Skills per Unit
	 Initial Activity:
	 Create a Free Marketing Calendar with CoSchedule:
		 Prepare staff schedules or work assignments
	 Design Thinking and Global Startup:
		 Develop operating strategies, plans or procedures
		 Develop organisational policies or programs
		 Implement organisational process or policy changes
		 Liaise between departments or other groups to improve function or communication
	 Create Employee Management System with When I Work:
		 Develop operating strategies, plans or procedures
		 Evaluate employee performance
		 Recruit staff
	 Application of Data Analysis in Business with R Programming:
		 Coordinate operational activities with external stakeholders
	 Healthcare Consumerism and Implication for Care Delivery:
		 Direct health care delivery programs
		 Implement organisational process or policy changes
		 Manage health care operations
	 Set up AWS Billing Alerts using AWS Budgets:
		 Monitor facilities or operational systems
		 Monitor resources
	 Assimilating into Your New Job:
		 Conduct employee training programs
	 Getting Started with Microsoft OneDrive:
		 Confer with co-workers or internal stakeholders to coordinate operational activities
		 Maintain data in information systems or databases
Skills for Job Health and Welfare Services Managers
Prepare staff schedules or work assignments
Evaluate employee performance
Maintain operational records
Maintain data in information systems or databases
Implement organisational process or policy changes
Confer with co-workers or internal stakeholders to coordinate operational activities
Manage health care operations
Supervise medical support staff
Monitor resources
Coordinate operational activities with external stakeholders
Conduct employee training programs
Direct health care delivery programs
Liaise between departments or other groups to improve function or communication
Prepare operational progress or status reports
Monitor facilities or operational systems
Prepare operational budgets
Direct financial operations
Develop operating strategies, plans or procedures
Develop organisational policies or programs
Recruit staff
