Read instances: 0.76 s
Generate matrices: 18.73 s
The optimal value is 0.5
###############################################
################## SCHEDULE ####################
###############################################
Activity: Initial Activity (1) 	 Start Period: 0 	 End Period: 0
Activity: Create Employee Management System with When I Work (2.0) 	 Start Period: 1 	 End Period: 1
Activity: Getting Started with Microsoft OneDrive (2.0) 	 Start Period: 1 	 End Period: 1
Activity: NGO Startup Analysis with Nonprofit Business Model (2.0) 	 Start Period: 1 	 End Period: 2
Activity: Set up AWS Billing Alerts using AWS Budgets (2.0) 	 Start Period: 2 	 End Period: 2
Activity: Assimilating into Your New Job (2.0) 	 Start Period: 2 	 End Period: 2
Solve time: 0.34
Job affinity: 50.000
Skills per Unit
	 Initial Activity:
	 NGO Startup Analysis with Nonprofit Business Model Canvas:
		 Develop organisational policies or programs
		 Implement organisational process or policy changes
	 Create Employee Management System with When I Work:
		 Develop operating strategies, plans or procedures
		 Evaluate employee performance
		 Recruit staff
	 Set up AWS Billing Alerts using AWS Budgets:
		 Monitor facilities or operational systems
		 Monitor resources
	 Assimilating into Your New Job:
		 Conduct employee training programs
	 Getting Started with Microsoft OneDrive:
		 Confer with co-workers or internal stakeholders to coordinate operational activities
		 Maintain data in information systems or databases
Skills for Job Health and Welfare Services Managers
Prepare staff schedules or work assignments
Evaluate employee performance
Maintain operational records
Maintain data in information systems or databases
Implement organisational process or policy changes
Confer with co-workers or internal stakeholders to coordinate operational activities
Manage health care operations
Supervise medical support staff
Monitor resources
Coordinate operational activities with external stakeholders
Conduct employee training programs
Direct health care delivery programs
Liaise between departments or other groups to improve function or communication
Prepare operational progress or status reports
Monitor facilities or operational systems
Prepare operational budgets
Direct financial operations
Develop operating strategies, plans or procedures
Develop organisational policies or programs
Recruit staff
