Read instances: 0.71 s
Generate matrices: 2.07 s
The optimal value is 0.6649999999999999
###############################################
################## SCHEDULE ####################
###############################################
Activity: Initial Activity (1) 	 Start Period: 0 	 End Period: 0
Activity: Sourcing Analytics (10.0) 	 Start Period: 1 	 End Period: 1
Activity: Create your e-commerce store with Shopify (2.0) 	 Start Period: 2 	 End Period: 2
Activity: The New Nordic Diet - from Gastronomy to Health (7.0) 	 Start Period: 2 	 End Period: 2
Solve time: 0.02
Job affinity: 33.333
Skills per Unit
	 Initial Activity:
	 Create your e-commerce store with Shopify:
		 Process customer bills or payments
	 Sourcing Analytics:
		 Order materials, supplies, or equipment
	 The New Nordic Diet - from Gastronomy to Health:
		 Cook foods
Skills for Job Bar Attendants and Baristas
Prepare hot or cold drinks
Serve food or drinks
Process customer bills or payments
Stock serving stations or dining areas with food or supplies
Take customer orders
Clean tableware
Clean food service areas
Cook foods
Order materials, supplies, or equipment
