Read instances: 0.73 s
Generate matrices: 8.84 s
The optimal value is 0.7038235294117646
###############################################
################## SCHEDULE ####################
###############################################
Activity: Initial Activity (1) 	 Start Period: 0 	 End Period: 0
Activity: Get started with Upwork (2.0) 	 Start Period: 1 	 End Period: 1
Activity: Transformer Models and BERT Model (1.0) 	 Start Period: 1 	 End Period: 1
Activity: Create your e-commerce store with Shopify (2.0) 	 Start Period: 1 	 End Period: 1
Activity: Azure: create a REST API using NodeJS Serverless F (2.0) 	 Start Period: 2 	 End Period: 2
Activity: Lesson | Organize Your Pitch (1.0) 	 Start Period: 2 	 End Period: 2
Solve time: 0.19
Job affinity: 29.412
Skills per Unit
	 Initial Activity:
	 Create your e-commerce store with Shopify:
		 Maintain supply or equipment inventories
	 Transformer Models and BERT Model:
		 Promote goods, services, or programs
	 Azure: create a REST API using NodeJS Serverless Functions:
		 Maintain client information or service records
	 Get started with Upwork:
		 Maintain professional knowledge or certifications
	 Lesson | Organize Your Pitch:
		 Demonstrate activity techniques or equipment use
Skills for Job Beauty Therapists
Apply cleansing or conditioning agents to client hair, scalp or skin
Assess skin or hair conditions
Maintain client information or service records
Provide cosmetic advice for clients
Schedule appointments
Clean tools or equipment
Clean work areas or facilities
Utilise hair removal techniques
Demonstrate activity techniques or equipment use
Promote goods, services, or programs
Set up merchandise displays
Order materials, supplies, or equipment
Apply solutions to hair
Sell goods or services
Maintain professional knowledge or certifications
Treat nails by shaping, decorating or augmenting
Maintain supply or equipment inventories
