Read instances: 0.73 s
Generate matrices: 2.99 s
The optimal value is 0.538076923076923
###############################################
################## SCHEDULE ####################
###############################################
Activity: Initial Activity (1) 	 Start Period: 0 	 End Period: 0
Activity: Russian Invasion of Ukraine Teach-Out (4.0) 	 Start Period: 1 	 End Period: 1
Activity: Introduction to Generative AI Studio - Français (1.0) 	 Start Period: 1 	 End Period: 1
Activity: The Art of Storytelling (1.0) 	 Start Period: 1 	 End Period: 1
Activity: Duet AI in Gmail (1.0) 	 Start Period: 2 	 End Period: 2
Activity: Set up AWS Billing Alerts using AWS Budgets (2.0) 	 Start Period: 2 	 End Period: 2
Activity: The Road to Autonomy: Exploring EV Technologies (2.0) 	 Start Period: 2 	 End Period: 2
Solve time: 0.14
Job affinity: 46.154
Skills per Unit
	 Initial Activity:
	 The Art of Storytelling:
		 Assist others
	 Duet AI in Gmail:
		 Receive information or instructions for performing work assignments
	 Set up AWS Billing Alerts using AWS Budgets:
		 Monitor availability of equipment or supplies
	 Introduction to Generative AI Studio - Français:
		 Operate communications equipment or systems
	 The Road to Autonomy: Exploring EV Technologies:
		 Ensure passenger compliance with vehicle safety, regulations and standards
	 Russian Invasion of Ukraine Teach-Out:
		 Provide first aid or rescue assistance in emergencies
Skills for Job Travel Attendants
Provide transportation information to passengers or customers
Assist passengers during vehicle boarding
Assist customers to ensure comfort or safety
Monitor availability of equipment or supplies
Sell goods or services
Collect fares or payment from customers
Resolve issues affecting transportation operations
Operate communications equipment or systems
Receive information or instructions for performing work assignments
Record operational details of travel
Ensure passenger compliance with vehicle safety, regulations and standards
Assist others
Provide first aid or rescue assistance in emergencies
