Read instances: 0.72 s
Generate matrices: 5.84 s
The optimal value is 0.48166666666666663
###############################################
################## SCHEDULE ####################
###############################################
Activity: Initial Activity (1) 	 Start Period: 0 	 End Period: 0
Activity: Flush Out a Feature on Coursera in Miro (2.0) 	 Start Period: 1 	 End Period: 1
Activity: Coding with Generative AI (3.0) 	 Start Period: 1 	 End Period: 1
Activity: Getting Started with Microsoft OneDrive (2.0) 	 Start Period: 1 	 End Period: 1
Activity: Create Employee Management System with When I Work (2.0) 	 Start Period: 1 	 End Period: 1
Activity: Set up AWS Billing Alerts using AWS Budgets (2.0) 	 Start Period: 1 	 End Period: 2
Activity: Build your first Search Engine using AWS Kendra (2.0) 	 Start Period: 2 	 End Period: 2
Activity: Introduction to Duet AI in Google Workspace (1.0) 	 Start Period: 2 	 End Period: 2
Activity: Lesson | Express Yourself: Pronunciation (1.0) 	 Start Period: 2 	 End Period: 2
Activity: Lesson | Business English Skills: How to Write Eff (1.0) 	 Start Period: 2 	 End Period: 2
Activity: Lesson | Understand and Be Understood on the Phone (1.0) 	 Start Period: 2 	 End Period: 2
Activity: Lesson | Organize Your Pitch (1.0) 	 Start Period: 2 	 End Period: 2
Activity: Introduction to CRM with HubSpot (2.0) 	 Start Period: 2 	 End Period: 2
Solve time: 0.47
Job affinity: 51.852
Skills per Unit
	 Initial Activity:
	 Create Employee Management System with When I Work:
		 Prepare staff schedules
	 Introduction to CRM with HubSpot:
		 Execute sales or other financial transactions
	 Coding with Generative AI:
		 Compile data or documentation
		 Search files, databases or reference materials to obtain information
	 Flush Out a Feature on Coursera in Miro:
		 Maintain inventory records
	 Build your first Search Engine using AWS Kendra:
		 Search files, databases or reference materials to obtain information
	 Introduction to Duet AI in Google Workspace:
		 Transcribe spoken or written information
	 Set up AWS Billing Alerts using AWS Budgets:
		 Collect deposits, payments or fees
	 Getting Started with Microsoft OneDrive:
		 Confer with co-workers or internal stakeholders to coordinate operational activities
		 File documents or records
	 Lesson | Express Yourself: Pronunciation:
		 Transcribe spoken or written information
	 Lesson | Business English Skills: How to Write Effective Openings and Closings to Emails:
		 Distribute incoming mail
	 Lesson | Understand and Be Understood on the Phone:
		 Answer telephones to direct calls or provide information
		 Check data for recording errors
		 Proofread documents, records or other files to ensure accuracy
	 Lesson | Organize Your Pitch:
		 Send information, materials or documentation
Skills for Job General Clerks
Answer telephones to direct calls or provide information
Operate office equipment
Proofread documents, records or other files to ensure accuracy
Maintain inventory records
Provide information to co-workers
Search files, databases or reference materials to obtain information
Supervise clerical or administrative staff
Confer with co-workers or internal stakeholders to coordinate operational activities
Respond to customer problems or complaints
Send information, materials or documentation
Compile data or documentation
File documents or records
Check data for recording errors
Distribute incoming mail
Sort mail
Schedule appointments
Prepare staff schedules
Make travel, accommodation or entertainment arrangements for others
Prepare documentation for contracts, transactions or regulatory compliance
Collect deposits, payments or fees
Execute sales or other financial transactions
Prepare cash for deposit or disbursement
Monitor inventories
Train staff
Maintain office equipment in proper operating condition
Transcribe spoken or written information
Record information from meetings or other formal proceedings
