Read instances: 0.68 s
Generate matrices: 5.24 s
The optimal value is 0.225
###############################################
################## SCHEDULE ####################
###############################################
Activity: Initial Activity (1) 	 Start Period: 0 	 End Period: 0
Activity: Introduction to Financial Accounting (12.0) 	 Start Period: 1 	 End Period: 1
Activity: Flush Out a Feature on Coursera in Miro (2.0) 	 Start Period: 1 	 End Period: 1
Activity: Monetary Policy in the Asia Pacific (8.0) 	 Start Period: 1 	 End Period: 2
Activity: Coding with Generative AI (3.0) 	 Start Period: 2 	 End Period: 2
Activity: Stock Valuation with Comparable Companies Analysis (2.0) 	 Start Period: 2 	 End Period: 2
Activity: Set up AWS Billing Alerts using AWS Budgets (2.0) 	 Start Period: 2 	 End Period: 2
Activity: Introduction to Generative AI Studio - Français (1.0) 	 Start Period: 2 	 End Period: 2
Activity: Creating Interactive Learning Videos with Edpuzzle (2.0) 	 Start Period: 2 	 End Period: 2
Activity: Lesson | Understand and Be Understood on the Phone (1.0) 	 Start Period: 2 	 End Period: 2
Solve time: 0.75
Job affinity: 77.778
Skills per Unit
	 Initial Activity:
	 Stock Valuation with Comparable Companies Analysis:
		 Calculate financial data
	 Introduction to Financial Accounting:
		 Execute sales or other financial transactions
		 Maintain financial or account records
		 Monitor financial information
	 Coding with Generative AI:
		 Code data or other information
		 Compile data or documentation
		 Search files, databases or reference materials to obtain information
	 Flush Out a Feature on Coursera in Miro:
		 Maintain inventory records
	 Set up AWS Billing Alerts using AWS Budgets:
		 Calculate costs of goods or services
		 Collect deposits, payments or fees
	 Introduction to Generative AI Studio - Français:
		 Operate computers or computerised equipment
	 Monetary Policy in the Asia Pacific:
		 Prepare cash for deposit or disbursement
	 Creating Interactive Learning Videos with Edpuzzle:
		 File documents or records
	 Lesson | Understand and Be Understood on the Phone:
		 Answer telephones to direct calls or provide information
Skills for Job Bookkeepers
Verify accuracy of financial or transactional data
Calculate financial data
Maintain financial or account records
Operate office equipment
Operate computers or computerised equipment
Code data or other information
Reconcile records of sales or other financial transactions
Search files, databases or reference materials to obtain information
Answer telephones to direct calls or provide information
File documents or records
Collect deposits, payments or fees
Monitor financial information
Compile data or documentation
Calculate costs of goods or services
Prepare documentation for contracts, transactions or regulatory compliance
Execute sales or other financial transactions
Prepare cash for deposit or disbursement
Maintain inventory records
