Read instances: 0.69 s
Generate matrices: 35.46 s
The optimal value is 0.4071875
###############################################
################## SCHEDULE ####################
###############################################
Activity: Initial Activity (1) 	 Start Period: 0 	 End Period: 0
Activity: Create Image Captioning Models (1.0) 	 Start Period: 1 	 End Period: 1
Activity: Get Started with Microsoft Forms (2.0) 	 Start Period: 1 	 End Period: 1
Activity: Voice of Change: Communicate with Teams for GenAI  (1.0) 	 Start Period: 1 	 End Period: 1
Activity: Create a Financial Statement using Microsoft Excel (2.0) 	 Start Period: 1 	 End Period: 1
Activity: Get started with Jira (2.0) 	 Start Period: 1 	 End Period: 1
Activity: Create Employee Management System with When I Work (2.0) 	 Start Period: 1 	 End Period: 1
Activity: Hiring and Onboarding Employees with ClickUp (2.0) 	 Start Period: 2 	 End Period: 2
Activity: Create Model-driven Power App for Rental Company (2.0) 	 Start Period: 2 	 End Period: 2
Activity: Launch an auto-scaling AWS EC2 virtual machine (2.0) 	 Start Period: 2 	 End Period: 2
Activity: Assimilating into Your New Job (2.0) 	 Start Period: 2 	 End Period: 2
Activity: Increase Engagement to your Instagram Business Pro (2.0) 	 Start Period: 2 	 End Period: 2
Solve time: 1.72
Job affinity: 59.375
Skills per Unit
	 Initial Activity:
	 Create a Financial Statement using Microsoft Excel:
		 Prepare financial documents, reports or budgets
	 Get started with Jira:
		 Confer with peers to accomplish work
		 Manage operations, research or logistics projects
		 Manage outreach activities
	 Increase Engagement to your Instagram Business Profile:
		 Coordinate special events or programs
	 Create Employee Management System with When I Work:
		 Develop operating strategies, plans or procedures
		 Direct administrative or support services
		 Evaluate employee performance
		 Hire staff
		 Recruit staff
	 Hiring and Onboarding Employees with ClickUp:
		 Develop operating strategies, plans or procedures
		 Hire staff
		 Manage human resources activities
	 Create Image Captioning Models:
		 Analyse data to inform operational decisions or activities
	 Get Started with Microsoft Forms:
		 Administer tests to assess educational needs or progress
		 Prepare forms or applications
	 Voice of Change: Communicate with Teams for GenAI Adoption:
		 Develop educational goals, standards, policies or procedures
		 Develop operating strategies, plans or procedures
		 Develop organisational policies or programs
	 Create Model-driven Power App for Rental Company:
		 Prepare tests
	 Launch an auto-scaling AWS EC2 virtual machine:
		 Direct facility maintenance or repair activities
	 Assimilating into Your New Job:
		 Conduct employee training programs
		 Hire staff
Skills for Job Other Education Managers
Direct administrative or support services
Represent the organisation in external relations
Evaluate employee performance
Recruit staff
Direct facility maintenance or repair activities
Advise others on career or personal development
Supervise employees
Conduct financial or regulatory audits
Confer with peers to accomplish work
Develop operating strategies, plans or procedures
Teach classes in area of specialisation
Manage outreach activities
Schedule activities or facility use
Prepare financial documents, reports or budgets
Prepare operational budgets
Coordinate special events or programs
Communicate with government agencies
Analyse data to inform operational decisions or activities
Prepare forms or applications
Develop organisational policies or programs
Manage operations, research or logistics projects
Prepare operational reports or records
Prepare reports detailing student activities or performance
Manage human resources activities
Prepare tests
Administer tests to assess educational needs or progress
Prepare proposals or grant applications to obtain project funding
Prepare staff schedules or work assignments
Conduct employee training programs
Hire staff
Recommend organisational process or policy changes
Develop educational goals, standards, policies or procedures
