Read instances: 0.68 s
Generate matrices: 7.53 s
The optimal value is 0.19357142857142856
###############################################
################## SCHEDULE ####################
###############################################
Activity: Initial Activity (1) 	 Start Period: 0 	 End Period: 0
Activity: Generative AI Essentials: Overview and Impact (3.0) 	 Start Period: 1 	 End Period: 1
Activity: Analyzing Company Performance using Ratios (2.0) 	 Start Period: 1 	 End Period: 1
Activity: Graphic Design: Make Interior's Project Mood Board (2.0) 	 Start Period: 1 	 End Period: 1
Activity: Monetary Policy in the Asia Pacific (8.0) 	 Start Period: 1 	 End Period: 1
Activity: Getting Started with Microsoft OneDrive (2.0) 	 Start Period: 1 	 End Period: 1
Activity: Getting Started with Microsoft Word (2.0) 	 Start Period: 1 	 End Period: 2
Activity: Set up AWS Billing Alerts using AWS Budgets (2.0) 	 Start Period: 2 	 End Period: 2
Activity: Lesson | Telephone Language (1.0) 	 Start Period: 2 	 End Period: 2
Activity: Lesson | Organize Your Pitch (1.0) 	 Start Period: 2 	 End Period: 2
Activity: Writing Winning Resumes and Cover Letters (12.0) 	 Start Period: 2 	 End Period: 2
Activity: Create Employee Management System with When I Work (2.0) 	 Start Period: 2 	 End Period: 2
Activity: Introduction to CRM with HubSpot (2.0) 	 Start Period: 2 	 End Period: 2
Solve time: 1.10
Job affinity: 80.952
Skills per Unit
	 Initial Activity:
	 Analyzing Company Performance using Ratios:
		 Calculate financial data
		 Maintain financial or account records
	 Writing Winning Resumes and Cover Letters:
		 Obtain personal or financial information about customers or applicants
		 Prepare business correspondence
	 Getting Started with Microsoft Word:
		 Enter information into databases or software programs
		 Issue documentation or identification to customers or employees
	 Create Employee Management System with When I Work:
		 Prepare staff schedules
	 Introduction to CRM with HubSpot:
		 Answer customer questions about goods or services
		 Execute sales or other financial transactions
	 Graphic Design: Make Interior's Project Mood Boards in Gimp:
		 Type documents
	 Generative AI Essentials: Overview and Impact:
		 Explain regulations, policies or procedures
	 Set up AWS Billing Alerts using AWS Budgets:
		 Calculate costs of goods or services
		 Collect deposits, payments or fees
	 Monetary Policy in the Asia Pacific:
		 Prepare cash for deposit or disbursement
	 Getting Started with Microsoft OneDrive:
		 File documents or records
	 Lesson | Telephone Language:
		 Answer customer questions about goods or services
		 Answer telephones to direct calls or provide information
	 Lesson | Organize Your Pitch:
		 Send information, materials or documentation
Skills for Job Bank Workers
Verify accuracy of financial or transactional data
Execute sales or other financial transactions
Prepare cash for deposit or disbursement
Collect deposits, payments or fees
Enter information into databases or software programs
Calculate financial data
Order materials, supplies, or equipment
File documents or records
Type documents
Sell goods or services
Answer customer questions about goods or services
Answer telephones to direct calls or provide information
Maintain financial or account records
Respond to customer problems or complaints
Obtain personal or financial information about customers or applicants
Prepare staff schedules
Issue documentation or identification to customers or employees
Send information, materials or documentation
Prepare business correspondence
Calculate costs of goods or services
Explain regulations, policies or procedures
