Read instances: 0.72 s
Generate matrices: 3.34 s
The optimal value is 0.4619230769230769
###############################################
################## SCHEDULE ####################
###############################################
Activity: Initial Activity (1) 	 Start Period: 0 	 End Period: 0
Activity: Launch an auto-scaling AWS EC2 virtual machine (2.0) 	 Start Period: 1 	 End Period: 1
Activity: Launch your first online meeting with ZOOM (2.0) 	 Start Period: 1 	 End Period: 1
Activity: Create Charts and Dashboards Using Microsoft Excel (2.0) 	 Start Period: 1 	 End Period: 1
Activity: Create a Tic-Tac-Toe game in Python (2.0) 	 Start Period: 1 	 End Period: 2
Activity: Active Listening: Enhancing Communication Skills (4.0) 	 Start Period: 2 	 End Period: 2
Activity: Russian Invasion of Ukraine Teach-Out (4.0) 	 Start Period: 2 	 End Period: 2
Solve time: 0.16
Job affinity: 53.846
Skills per Unit
	 Initial Activity:
	 Active Listening: Enhancing Communication Skills:
		 Mediate disputes
	 Create Charts and Dashboards Using Microsoft Excel:
		 Prepare operational reports or records
	 Create a Tic-Tac-Toe game in Python:
		 Compute gaming wins and losses
		 Conduct amusement or gaming activities
		 Conduct gaming transactions
	 Launch an auto-scaling AWS EC2 virtual machine:
		 Inspect equipment to ensure proper functioning
	 Russian Invasion of Ukraine Teach-Out:
		 Mediate disputes
	 Launch your first online meeting with ZOOM:
		 Maintain financial or account records
Skills for Job Betting Clerks
Conduct amusement or gaming activities
Conduct gaming transactions
Operate gaming equipment
Compute gaming wins and losses
Maintain financial or account records
Sell goods or services
Usher patrons to seats or exits
Deliver items
Inspect equipment to ensure proper functioning
Respond to customer inquiries
Prepare operational reports or records
Mediate disputes
Supervise service workers
