Read instances: 0.75 s
Generate matrices: 3.22 s
The optimal value is 0.538076923076923
###############################################
################## SCHEDULE ####################
###############################################
Activity: Initial Activity (1) 	 Start Period: 0 	 End Period: 0
Activity: Create Charts and Dashboards Using Microsoft Excel (2.0) 	 Start Period: 1 	 End Period: 1
Activity: Analyzing Company Performance using Ratios (2.0) 	 Start Period: 1 	 End Period: 1
Activity: Create a Tic-Tac-Toe game in Python (2.0) 	 Start Period: 1 	 End Period: 2
Activity: Active Listening: Enhancing Communication Skills (4.0) 	 Start Period: 2 	 End Period: 2
Solve time: 0.07
Job affinity: 46.154
Skills per Unit
	 Initial Activity:
	 Analyzing Company Performance using Ratios:
		 Maintain financial or account records
	 Active Listening: Enhancing Communication Skills:
		 Mediate disputes
	 Create Charts and Dashboards Using Microsoft Excel:
		 Prepare operational reports or records
	 Create a Tic-Tac-Toe game in Python:
		 Compute gaming wins and losses
		 Conduct amusement or gaming activities
		 Conduct gaming transactions
Skills for Job Betting Clerks
Conduct amusement or gaming activities
Conduct gaming transactions
Operate gaming equipment
Compute gaming wins and losses
Maintain financial or account records
Sell goods or services
Usher patrons to seats or exits
Deliver items
Inspect equipment to ensure proper functioning
Respond to customer inquiries
Prepare operational reports or records
Mediate disputes
Supervise service workers
