Read instances: 0.72 s
Generate matrices: 18.14 s
The optimal value is 0.37625
###############################################
################## SCHEDULE ####################
###############################################
Activity: Initial Activity (1) 	 Start Period: 0 	 End Period: 0
Activity: Algorithms for Searching, Sorting, and Indexing (12.0) 	 Start Period: 1 	 End Period: 1
Activity: Graphic Design: Make Interior's Project Mood Board (2.0) 	 Start Period: 1 	 End Period: 1
Activity: Flush Out a Feature on Coursera in Miro (2.0) 	 Start Period: 1 	 End Period: 1
Activity: Amazon CodeWhisperer - Getting Started with Genera (1.0) 	 Start Period: 1 	 End Period: 1
Activity: Encoder-Decoder Architecture (1.0) 	 Start Period: 1 	 End Period: 1
Activity: Lesson | Understand and Be Understood on the Phone (1.0) 	 Start Period: 1 	 End Period: 1
Activity: Creating Interactive Learning Videos with Edpuzzle (2.0) 	 Start Period: 2 	 End Period: 2
Activity: Digital Fashion Reality (12.0) 	 Start Period: 2 	 End Period: 2
Solve time: 2.25
Job affinity: 62.500
Skills per Unit
	 Initial Activity:
	 Digital Fashion Reality:
		 Attach identification information to products, items or containers
	 Algorithms for Searching, Sorting, and Indexing:
		 Develop data analysis or data management procedures
		 Search files, databases or reference materials to obtain information
		 Sort mail
	 Graphic Design: Make Interior's Project Mood Boards in Gimp:
		 Type documents
	 Flush Out a Feature on Coursera in Miro:
		 Maintain inventory records
	 Amazon CodeWhisperer - Getting Started with Generative AI:
		 Compile data or documentation
	 Encoder-Decoder Architecture:
		 Read materials to determine needed actions
	 Creating Interactive Learning Videos with Edpuzzle:
		 File documents or records
	 Lesson | Understand and Be Understood on the Phone:
		 Enter information into databases or software programs
Skills for Job Filing and Registry Clerks
Compile data or documentation
Provide information to co-workers
Operate office equipment
Read materials to determine needed actions
Verify accuracy of financial or transactional data
Enter information into databases or software programs
Maintain inventory records
File documents or records
Store items
Develop data analysis or data management procedures
Track goods or materials
Attach identification information to products, items or containers
Search files, databases or reference materials to obtain information
Type documents
Sort mail
Store records or related materials
