Read instances: 0.72 s
Generate matrices: 4.59 s
The optimal value is 0.62375
###############################################
################## SCHEDULE ####################
###############################################
Activity: Initial Activity (1) 	 Start Period: 0 	 End Period: 0
Activity: Build your first Search Engine using AWS Kendra (2.0) 	 Start Period: 1 	 End Period: 1
Activity: Fine-tuning Convolutional Networks to Classify Dog (2.0) 	 Start Period: 1 	 End Period: 1
Activity: Set up AWS Billing Alerts using AWS Budgets (2.0) 	 Start Period: 1 	 End Period: 2
Activity: Lesson | Get Ready for the Interview (1.0) 	 Start Period: 2 	 End Period: 2
Activity: Lesson | Understand and Be Understood on the Phone (1.0) 	 Start Period: 2 	 End Period: 2
Activity: Create Employee Management System with When I Work (2.0) 	 Start Period: 2 	 End Period: 2
Solve time: 0.14
Job affinity: 37.500
Skills per Unit
	 Initial Activity:
	 Create Employee Management System with When I Work:
		 Prepare staff schedules
	 Build your first Search Engine using AWS Kendra:
		 Search files, databases or reference materials to obtain information
	 Fine-tuning Convolutional Networks to Classify Dog Breeds:
		 Confer with co-workers or internal stakeholders to coordinate operational activities
	 Set up AWS Billing Alerts using AWS Budgets:
		 Collect deposits, payments or fees
	 Lesson | Get Ready for the Interview:
		 Interview employees, customers or others to collect information
	 Lesson | Understand and Be Understood on the Phone:
		 Answer telephones to direct calls or provide information
Skills for Job Court and Legal Clerks
Explain regulations, policies or procedures
Prepare legal documents
Record information about legal matters
Record information from meetings or other formal proceedings
Examine documents to verify adherence to requirements
Collect deposits, payments or fees
Answer telephones to direct calls or provide information
Maintain office equipment in proper operating condition
Supervise clerical or administrative staff
Confer with co-workers or internal stakeholders to coordinate operational activities
Maintain security
Interview employees, customers or others to collect information
Search files, databases or reference materials to obtain information
Attach identification information to products, items or containers
Stock supplies, merchandise, food or drink
Prepare staff schedules
