Read instances: 0.73 s
Generate matrices: 3.70 s
The optimal value is 0.401
###############################################
################## SCHEDULE ####################
###############################################
Activity: Initial Activity (1) 	 Start Period: 0 	 End Period: 0
Activity: Getting Started with Microsoft Word (2.0) 	 Start Period: 1 	 End Period: 1
Activity: Setting Up a Digital Library with EPIC (2.0) 	 Start Period: 1 	 End Period: 1
Activity: Coding with Generative AI (3.0) 	 Start Period: 1 	 End Period: 2
Activity: Assimilating into Your New Job (2.0) 	 Start Period: 2 	 End Period: 2
Activity: Lesson | Get Ready for the Interview (1.0) 	 Start Period: 2 	 End Period: 2
Solve time: 0.10
Job affinity: 60.000
Skills per Unit
	 Initial Activity:
	 Getting Started with Microsoft Word:
		 Issue documentation or identification to customers or employees
	 Coding with Generative AI:
		 Compile data or documentation
		 Search files, databases or reference materials to obtain information
	 Setting Up a Digital Library with EPIC:
		 Set up classroom materials or equipment
	 Assimilating into Your New Job:
		 Administer staff recruitment or hiring activities
	 Lesson | Get Ready for the Interview:
		 Interview employees, customers or others to collect information
Skills for Job Human Resource Clerks
Administer staff recruitment or hiring activities
Record staff information
Explain regulations, policies or procedures
Search files, databases or reference materials to obtain information
Compile data or documentation
Interview employees, customers or others to collect information
Issue documentation or identification to customers or employees
Obtain personal or financial information about customers or applicants
Set up classroom materials or equipment
Train staff
