Read instances: 0.71 s
Generate matrices: 17.66 s
The optimal value is 0.5
###############################################
################## SCHEDULE ####################
###############################################
Activity: Initial Activity (1) 	 Start Period: 0 	 End Period: 0
Activity: Getting Started with Microsoft Word (2.0) 	 Start Period: 1 	 End Period: 1
Activity: Graphic Design: Make Interior's Project Mood Board (2.0) 	 Start Period: 1 	 End Period: 1
Activity: Flush Out a Feature on Coursera in Miro (2.0) 	 Start Period: 1 	 End Period: 1
Activity: Stock Valuation with Comparable Companies Analysis (2.0) 	 Start Period: 1 	 End Period: 1
Activity: Create Employee Management System with When I Work (2.0) 	 Start Period: 1 	 End Period: 2
Activity: Analyzing Company Performance using Ratios (2.0) 	 Start Period: 2 	 End Period: 2
Activity: Security Awareness Training (2.0) 	 Start Period: 2 	 End Period: 2
Activity: Set up AWS Billing Alerts using AWS Budgets (2.0) 	 Start Period: 2 	 End Period: 2
Activity: Improving Content Mastery with Quizlet (2.0) 	 Start Period: 2 	 End Period: 2
Activity: Lesson | Business English Skills: How to Navigate  (1.0) 	 Start Period: 2 	 End Period: 2
Activity: Lesson | Telephone Language (1.0) 	 Start Period: 2 	 End Period: 2
Solve time: 0.76
Job affinity: 50.000
Skills per Unit
	 Initial Activity:
	 Analyzing Company Performance using Ratios:
		 Calculate financial data
		 Maintain financial or account records
	 Stock Valuation with Comparable Companies Analysis:
		 Calculate financial data
		 Prepare research or technical reports
	 Getting Started with Microsoft Word:
		 Enter information into databases or software programs
		 Issue documentation or identification to customers or employees
	 Create Employee Management System with When I Work:
		 Manage clerical or administrative activities
		 Prepare staff schedules
	 Graphic Design: Make Interior's Project Mood Boards in Gimp:
		 Type documents
	 Flush Out a Feature on Coursera in Miro:
		 Develop software applications
		 Maintain inventory records
	 Security Awareness Training:
		 Maintain security
	 Set up AWS Billing Alerts using AWS Budgets:
		 Collect deposits, payments or fees
	 Improving Content Mastery with Quizlet:
		 Plan educational activities
	 Lesson | Business English Skills: How to Navigate Tone, Formality, and Directness in Emails:
		 Send information, materials or documentation
	 Lesson | Telephone Language:
		 Answer telephones to direct calls or provide information
Skills for Job Library Assistants
Maintain inventory records
Distribute materials to employees or customers
Sort materials or products
Track goods or materials
Refer customers to appropriate staff
Manage clerical or administrative activities
Enter information into databases or software programs
Maintain office equipment in proper operating condition
Inspect items for damage or defects
Calculate financial data
Maintain security
Deliver items
Answer telephones to direct calls or provide information
Type documents
Sort mail
Maintain financial or account records
Issue documentation or identification to customers or employees
Store records or related materials
Plan educational activities
Plan special events
Supervise clerical or administrative staff
Prepare staff schedules
Collect deposits, payments or fees
Send information, materials or documentation
Attach identification information to products, items or containers
Package objects for shipping
Prepare research or technical reports
Develop software applications
Prepare documentation for contracts, transactions or regulatory compliance
Order materials, supplies, or equipment
