Read instances: 0.71 s
Generate matrices: 3.62 s
The optimal value is 0.698
###############################################
################## SCHEDULE ####################
###############################################
Activity: Initial Activity (1) 	 Start Period: 0 	 End Period: 0
Activity: Graphic design: pop your Linkedin with 3D effect u (2.0) 	 Start Period: 1 	 End Period: 1
Activity: Lesson | Organize Your Pitch (1.0) 	 Start Period: 1 	 End Period: 1
Activity: Set up AWS Billing Alerts using AWS Budgets (2.0) 	 Start Period: 1 	 End Period: 2
Activity: Fundamentals of Speechwriting (2.0) 	 Start Period: 2 	 End Period: 2
Activity: Voice of the Customer (VoC): Enhancing Experiences (2.0) 	 Start Period: 2 	 End Period: 2
Solve time: 0.08
Job affinity: 30.000
Skills per Unit
	 Initial Activity:
	 Voice of the Customer (VoC): Enhancing Experiences:
		 Advise customers on the use of goods or services
		 Answer customer questions about goods or services
	 Graphic design: pop your Linkedin with 3D effect using Canva:
		 Demonstrate products to consumers
	 Set up AWS Billing Alerts using AWS Budgets:
		 Calculate costs of goods or services
	 Fundamentals of Speechwriting:
		 Gather customer or product information to determine customer needs
	 Lesson | Organize Your Pitch:
		 Explain technical product or service information to customers
Skills for Job Sales Assistants (General)
Set up merchandise displays
Process sales or other transactions
Prepare sales or other contracts
Estimate costs or terms of sales
Reconcile records of sales or other financial transactions
Answer customer questions about goods or services
Recommend goods or services to customers
Review laws or regulations to maintain professional knowledge
Demonstrate products to consumers
Maintain records of sales or other business transactions
Gather customer or product information to determine customer needs
Greet customers, patrons or visitors
Monitor work areas to provide security
Calculate costs of goods or services
Explain technical product or service information to customers
Advise customers on the use of goods or services
Clean work areas
Sell goods or services
Monitor inventories
Procure stocks of merchandise or supplies
