Read instances: 0.73 s
Generate matrices: 3.61 s
The optimal value is 0.561875
###############################################
################## SCHEDULE ####################
###############################################
Activity: Initial Activity (1) 	 Start Period: 0 	 End Period: 0
Activity: Set up AWS Billing Alerts using AWS Budgets (2.0) 	 Start Period: 1 	 End Period: 1
Activity: Lesson | Telephone Language (1.0) 	 Start Period: 1 	 End Period: 1
Activity: Lesson | Organize Your Pitch (1.0) 	 Start Period: 1 	 End Period: 1
Activity: Getting started with Fiverr for Freelancers (2.0) 	 Start Period: 1 	 End Period: 1
Activity: Managing Debt (12.0) 	 Start Period: 1 	 End Period: 2
Solve time: 0.19
Job affinity: 43.750
Skills per Unit
	 Initial Activity:
	 Getting started with Fiverr for Freelancers:
		 Maintain records of sales or other business transactions
	 Set up AWS Billing Alerts using AWS Budgets:
		 Calculate costs of goods or services
		 Monitor sales activities
	 Managing Debt:
		 Issue money, credit or vouchers
	 Lesson | Telephone Language:
		 Answer customer questions about goods or services
		 Answer telephones to direct calls or provide information
	 Lesson | Organize Your Pitch:
		 Explain technical product or service information to customers
Skills for Job Checkout Operators and Office Cashiers
Issue money, credit or vouchers
Process sales or other transactions
Calculate costs of goods or services
Maintain records of sales or other business transactions
Reconcile records of sales or other financial transactions
Clean work areas
Provide customers with general information or assistance
Monitor sales activities
Greet customers, patrons or visitors
Answer customer questions about goods or services
Explain technical product or service information to customers
Sell goods or services
Answer telephones to direct calls or provide information
Stock products or parts
Supervise sales or support staff
Train sales staff
