Read instances: 0.69 s
Generate matrices: 11.12 s
The optimal value is 0.137
###############################################
################## SCHEDULE ####################
###############################################
Activity: Initial Activity (1) 	 Start Period: 0 	 End Period: 0
Activity: Communicating In Groups and Teams (10.0) 	 Start Period: 1 	 End Period: 1
Activity: Use Commands and Create a Remote Git Repository (2.0) 	 Start Period: 1 	 End Period: 1
Activity: Lesson | Video Conferencing: Face to Face but Onli (1.0) 	 Start Period: 1 	 End Period: 1
Activity: Get started with Jira (2.0) 	 Start Period: 1 	 End Period: 1
Activity: Use Canva to Create Desktop and Mobile-friendly We (2.0) 	 Start Period: 1 	 End Period: 1
Activity: Flush Out a Feature on Coursera in Miro (2.0) 	 Start Period: 1 	 End Period: 2
Activity: Developing Responsive Web Pages Using HTML5 and CS (12.0) 	 Start Period: 2 	 End Period: 2
Activity: Build a Twitter Clone Front-End with ReactJS (2.0) 	 Start Period: 2 	 End Period: 2
Activity: SketchUp: how to start modelling simple 3D objects (2.0) 	 Start Period: 2 	 End Period: 2
Activity: Create your e-commerce store with Shopify (2.0) 	 Start Period: 2 	 End Period: 2
Activity: Create a Mockup in Figma (2.0) 	 Start Period: 2 	 End Period: 2
Solve time: 1.15
Job affinity: 86.667
Skills per Unit
	 Initial Activity:
	 Get started with Jira:
		 Collaborate with others in marketing activities
	 Create your e-commerce store with Shopify:
		 Maintain inventories of materials, equipment or products
	 Use Canva to Create Desktop and Mobile-friendly Web Pages.:
		 Develop promotional strategies or plans
	 Create a Mockup in Figma:
		 Develop artistic or design concepts for decoration, exhibition, performance or commercial purposes
		 Draw detailed or technical illustrations
	 Developing Responsive Web Pages Using HTML5 and CSS3:
		 Arrange artwork, products or props
	 Build a Twitter Clone Front-End with ReactJS:
		 Build models, patterns or templates
		 Monitor current trends
	 SketchUp: how to start modelling simple 3D objects:
		 Construct distinctive physical objects for artistic, functional or commercial purposes
		 Develop artistic or design concepts for decoration, exhibition, performance or commercial purposes
	 Use Commands and Create a Remote Git Repository:
		 Discuss production content and progress with others
		 Maintain records, documents or other files
	 Flush Out a Feature on Coursera in Miro:
		 Develop artistic or design concepts for decoration, exhibition, performance or commercial purposes
		 Maintain inventories of materials, equipment or products
	 Communicating In Groups and Teams:
		 Train others on work processes
	 Lesson | Video Conferencing: Face to Face but Online:
		 Operate still or video cameras or related equipment
Skills for Job Visual Merchandisers
Arrange artwork, products or props
Discuss production content and progress with others
Develop promotional strategies or plans
Collaborate with others in marketing activities
Train others on work processes
Maintain inventories of materials, equipment or products
Draw detailed or technical illustrations
Develop artistic or design concepts for decoration, exhibition, performance or commercial purposes
Select materials or props
Operate still or video cameras or related equipment
Maintain records, documents or other files
Construct distinctive physical objects for artistic, functional or commercial purposes
Build models, patterns or templates
Apply finishes to artwork, crafts, or displays
Monitor current trends
