Read instances: 0.71 s
Generate matrices: 2.20 s
The optimal value is 0.9899999999999999
###############################################
################## SCHEDULE ####################
###############################################
Activity: Initial Activity (1) 	 Start Period: 0 	 End Period: 0
Solve time: 0.00
Job affinity: 0.000
Skills per Unit
	 Initial Activity:
Skills for Job Paper and Wood Processing Machine Operators
Load materials into production equipment
Watch equipment in operation to detect malfunctions
Mount attachments or tools onto production equipment
Mark products, work pieces or equipment with identifying information
Set equipment guides, stops, spacers or other fixtures
Cut industrial materials in preparation for fabrication or processing
Adjust temperature controls of ovens or other heating equipment
Feed materials or products into or through equipment
Disassemble equipment for maintenance or repair
Stack finished items for further processing or shipment
Remove products or work pieces from production equipment
Set equipment controls to meet cutting specifications
