Read instances: 0.70 s
Generate matrices: 2.93 s
The optimal value is 0.635
###############################################
################## SCHEDULE ####################
###############################################
Activity: Initial Activity (1) 	 Start Period: 0 	 End Period: 0
Activity: AWS: Data Protection and Security Governance (10.0) 	 Start Period: 1 	 End Period: 1
Activity: Scheduling Selenium TestNG tests via Jenkins CI/CD (2.0) 	 Start Period: 1 	 End Period: 1
Activity: Launch an auto-scaling AWS EC2 virtual machine (2.0) 	 Start Period: 1 	 End Period: 1
Activity: Mastering bitumen for better roads and innovative  (7.0) 	 Start Period: 1 	 End Period: 2
Activity: Duet AI in Gmail (1.0) 	 Start Period: 2 	 End Period: 2
Activity: Create User Directory and Files with Linux Command (2.0) 	 Start Period: 2 	 End Period: 2
Activity: Ferrous Technology I (4.0) 	 Start Period: 2 	 End Period: 2
Activity: Spanish Vocabulary: Careers and Social Events (12.0) 	 Start Period: 2 	 End Period: 2
Solve time: 0.18
Job affinity: 36.364
Skills per Unit
	 Initial Activity:
	 Scheduling Selenium TestNG tests via Jenkins CI/CD tool:
		 Conduct test runs of production equipment
	 AWS: Data Protection and Security Governance:
		 Notify others of equipment repair or maintenance needs
	 Duet AI in Gmail:
		 Exchange information with colleagues
	 Launch an auto-scaling AWS EC2 virtual machine:
		 Adjust equipment controls to regulate flow of production
	 Create User Directory and Files with Linux Commands:
		 Program equipment to perform production tasks
	 Mastering bitumen for better roads and innovative applications:
		 Lubricate production equipment
	 Ferrous Technology I:
		 Clean materials to prepare them for production
	 Spanish Vocabulary: Careers and Social Events:
		 Repair textiles or apparel
Skills for Job Textile and Footwear Production Machine Operators
Operate textile or leather cutting or production equipment
Inspect textile, hide or leather products
Inspect production equipment
Repair textiles or apparel
Feed materials or products into or through equipment
Adjust equipment controls to regulate flow of production
Cut fabrics, textiles, leather or hide
Record operational or production data
Exchange information with colleagues
Notify others of equipment repair or maintenance needs
Watch equipment in operation to detect malfunctions
Program equipment to perform production tasks
Study blueprints or other instructions to determine equipment setup requirements
Replace worn equipment components
Repair production equipment or tools
Clean production equipment
Lubricate production equipment
Conduct test runs of production equipment
Set equipment controls to meet cutting specifications
Install mechanical components in production equipment
Mount attachments or tools onto production equipment
Clean materials to prepare them for production
