Read instances: 0.75 s
Generate matrices: 3.36 s
The optimal value is 0.5825
###############################################
################## SCHEDULE ####################
###############################################
Activity: Initial Activity (1) 	 Start Period: 0 	 End Period: 0
Activity: Getting Started with Microsoft OneDrive (2.0) 	 Start Period: 1 	 End Period: 1
Activity: Create AWS EC2 Virtual Machine Using AWS console (2.0) 	 Start Period: 1 	 End Period: 1
Activity: EV Evolution: Comprehensive Introduction to EVs (1.0) 	 Start Period: 1 	 End Period: 1
Activity: The Road to Autonomy: Exploring EV Technologies (2.0) 	 Start Period: 2 	 End Period: 2
Solve time: 0.22
Job affinity: 41.667
Skills per Unit
	 Initial Activity:
	 Create AWS EC2 Virtual Machine Using AWS console:
		 Maintain equipment or systems to ensure proper functioning
		 Monitor equipment operation to ensure proper functioning
	 EV Evolution: Comprehensive Introduction to EVs:
		 Operate vehicles or material-moving equipment
	 The Road to Autonomy: Exploring EV Technologies:
		 Direct vehicle traffic
	 Getting Started with Microsoft OneDrive:
		 Confer with co-workers or internal stakeholders to coordinate operational activities
Skills for Job Other Mobile Plant Operators
Review work orders or schedules to determine operations or procedures
Maintain equipment or systems to ensure proper functioning
Monitor equipment operation to ensure proper functioning
Drive mobile plants on roads or work sites
Install equipment attachments or components
Operate vehicles or material-moving equipment
Clean equipment or facilities
Direct vehicle traffic
Record operational or production data
Confer with co-workers or internal stakeholders to coordinate operational activities
Monitor work areas or procedures to ensure compliance with safety procedures
Notify others of equipment repair or maintenance needs
