Read instances: 0.75 s
Generate matrices: 2.50 s
The optimal value is 0.40099999999999997
###############################################
################## SCHEDULE ####################
###############################################
Activity: Initial Activity (1) 	 Start Period: 0 	 End Period: 0
Activity: The Road to Autonomy: Exploring EV Technologies (2.0) 	 Start Period: 1 	 End Period: 1
Activity: Duet AI in Gmail (1.0) 	 Start Period: 1 	 End Period: 1
Activity: EV Evolution: Comprehensive Introduction to EVs (1.0) 	 Start Period: 1 	 End Period: 1
Activity: Smart Cities – Management of Smart Urban Infrastru (12.0) 	 Start Period: 1 	 End Period: 1
Activity: Making the Case for Robotic Process Automation (5.0) 	 Start Period: 1 	 End Period: 2
Activity: Understanding and Managing the Stresses of Police  (2.0) 	 Start Period: 2 	 End Period: 2
Activity: Build a no-code customer support Telegram chatbot  (10.0) 	 Start Period: 2 	 End Period: 2
Activity: Amazon Aurora Service Introduction (5.0) 	 Start Period: 2 	 End Period: 2
Solve time: 0.14
Job affinity: 60.000
Skills per Unit
	 Initial Activity:
	 Understanding and Managing the Stresses of Police Work:
		 Apply fatigue management strategies
	 Duet AI in Gmail:
		 Receive information or instructions for performing work assignments
	 Making the Case for Robotic Process Automation:
		 Follow safety procedures for vehicle operation
	 Build a no-code customer support Telegram chatbot with Azure:
		 Communicate with others to coordinate vehicle movement
	 Amazon Aurora Service Introduction:
		 Move and store materials, equipment or products
	 EV Evolution: Comprehensive Introduction to EVs:
		 Clean vehicles or vehicle components
	 The Road to Autonomy: Exploring EV Technologies:
		 Drive passenger vehicles
		 Inspect motor vehicles
	 Smart Cities – Management of Smart Urban Infrastructures:
		 Provide transportation information to passengers or customers
Skills for Job Automobile Drivers
Drive passenger vehicles
Provide transportation information to passengers or customers
Follow safety procedures for vehicle operation
Schedule operational activities
Assist passengers during vehicle boarding
Communicate with others to coordinate vehicle movement
Record operational details of travel
Apply fatigue management strategies
Clean vehicles or vehicle components
Maintain vehicles in good working condition
Inspect motor vehicles
Collect fares or payment from customers
Receive information or instructions for performing work assignments
Report vehicle or equipment malfunctions
Move and store materials, equipment or products
