Read instances: 0.70 s
Generate matrices: 2.44 s
The optimal value is 0.6649999999999999
###############################################
################## SCHEDULE ####################
###############################################
Activity: Initial Activity (1) 	 Start Period: 0 	 End Period: 0
Activity: Communicating During Global Emergencies (8.0) 	 Start Period: 1 	 End Period: 1
Activity: EV Evolution: Comprehensive Introduction to EVs (1.0) 	 Start Period: 1 	 End Period: 1
Activity: Making the Case for Robotic Process Automation (5.0) 	 Start Period: 1 	 End Period: 2
Activity: Understanding and Managing the Stresses of Police  (2.0) 	 Start Period: 2 	 End Period: 2
Activity: Build a computer vision app with Azure Cognitive S (2.0) 	 Start Period: 2 	 End Period: 2
Activity: Duet AI in Gmail (1.0) 	 Start Period: 2 	 End Period: 2
Solve time: 0.06
Job affinity: 33.333
Skills per Unit
	 Initial Activity:
	 Communicating During Global Emergencies:
		 Notify others of emergencies, problems or hazards
	 Understanding and Managing the Stresses of Police Work:
		 Apply fatigue management strategies
	 Build a computer vision app with Azure Cognitive Services:
		 Inspect motor vehicles
	 Duet AI in Gmail:
		 Receive information or instructions for performing work assignments
	 Making the Case for Robotic Process Automation:
		 Follow safety procedures for vehicle operation
	 EV Evolution: Comprehensive Introduction to EVs:
		 Operate vehicles or material-moving equipment
Skills for Job Delivery Drivers
Follow safety procedures for vehicle operation
Load shipments, belongings or materials
Manoeuvre vehicles into position for loading and unloading
Follow safety procedures for loading and unloading vehicles
Record details of deliveries or shipments
Transport goods, materials or liquids
Operate vehicles or material-moving equipment
Verify information or specifications
Apply fatigue management strategies
Collect fares or payment from customers
Receive information or instructions for performing work assignments
Read maps to determine routes
Report vehicle or equipment malfunctions
Notify others of emergencies, problems or hazards
Sell goods or services
Record sales or transactions data
Maintain vehicles in good working condition
Inspect motor vehicles
