Read instances: 0.73 s
Generate matrices: 3.22 s
The optimal value is 0.7038235294117646
###############################################
################## SCHEDULE ####################
###############################################
Activity: Initial Activity (1) 	 Start Period: 0 	 End Period: 0
Activity: Making the Case for Robotic Process Automation (5.0) 	 Start Period: 1 	 End Period: 1
Activity: Introduction to Generative AI Studio - Français (1.0) 	 Start Period: 1 	 End Period: 1
Activity: Modern Robotics, Course 6: Capstone Project, Mobil (12.0) 	 Start Period: 1 	 End Period: 1
Activity: AWS: CI/CD Pipelines and Deployment Strategies (10.0) 	 Start Period: 2 	 End Period: 2
Activity: Build a computer vision app with Azure Cognitive S (2.0) 	 Start Period: 2 	 End Period: 2
Activity: Amazon Aurora Service Introduction (5.0) 	 Start Period: 2 	 End Period: 2
Activity: EV Evolution: Comprehensive Introduction to EVs (1.0) 	 Start Period: 2 	 End Period: 2
Solve time: 0.33
Job affinity: 29.412
Skills per Unit
	 Initial Activity:
	 AWS: CI/CD Pipelines and Deployment Strategies:
		 Remove debris or damaged materials
	 Build a computer vision app with Azure Cognitive Services:
		 Inspect motor vehicles
	 Making the Case for Robotic Process Automation:
		 Follow safety procedures for vehicle operation
	 Amazon Aurora Service Introduction:
		 Monitor cargo area conditions
	 Introduction to Generative AI Studio - Français:
		 Operate communications equipment or systems
	 EV Evolution: Comprehensive Introduction to EVs:
		 Drive trucks or truck-mounted equipment
		 Operate vehicles or material-moving equipment
	 Modern Robotics, Course 6: Capstone Project, Mobile Manipulation:
		 Adjust routes or speeds as necessary
		 Choose optimal transportation routes or speeds
		 Manoeuvre vehicles into position for loading and unloading
Skills for Job Truck Drivers
Drive trucks or truck-mounted equipment
Operate vehicles or material-moving equipment
Transport goods, materials or liquids
Review work orders or schedules to determine operations or procedures
Secure cargo
Manoeuvre vehicles into position for loading and unloading
Inspect cargo to ensure it is properly loaded or secured
Record details of deliveries or shipments
Follow safety procedures for loading and unloading vehicles
Record operational details of travel
Inspect motor vehicles
Follow safety procedures for vehicle operation
Communicate with others to coordinate vehicle movement
Load shipments, belongings or materials
Maintain vehicles in good working condition
Read maps to determine routes
Direct material handling or moving activities
Adjust routes or speeds as necessary
Notify others of emergencies, problems or hazards
Report vehicle or equipment malfunctions
Monitor cargo area conditions
Operate communications equipment or systems
Review documents or materials for compliance with policies or regulations
Collect fares or payment from customers
Inspect cargo areas for cleanliness or condition
Procure supplies or equipment
Remove debris or damaged materials
Connect cables or electrical lines
Record operational or production data
Record service or repair activities
Verify information or specifications
Choose optimal transportation routes or speeds
Package materials or products
Install parts, assemblies or attachments in transportation or material-handling equipment
