Read instances: 0.70 s
Generate matrices: 4.23 s
The optimal value is 0.599
###############################################
################## SCHEDULE ####################
###############################################
Activity: Initial Activity (1) 	 Start Period: 0 	 End Period: 0
Activity: Sourcing Analytics (10.0) 	 Start Period: 1 	 End Period: 1
Activity: Create a responsive seat selector UI in HTML, CSS, (2.0) 	 Start Period: 1 	 End Period: 1
Activity: Apply Generative Adversarial Networks (GANs) (12.0) 	 Start Period: 1 	 End Period: 2
Activity: Assets in Accounting (12.0) 	 Start Period: 2 	 End Period: 2
Activity: Amazon CodeWhisperer - Getting Started with Genera (1.0) 	 Start Period: 2 	 End Period: 2
Activity: EV Evolution: Comprehensive Introduction to EVs (1.0) 	 Start Period: 2 	 End Period: 2
Activity: Getting Started with Microsoft OneDrive (2.0) 	 Start Period: 2 	 End Period: 2
Solve time: 0.51
Job affinity: 40.000
Skills per Unit
	 Initial Activity:
	 Assets in Accounting:
		 Maintain inventory records
		 Maintain operational records
	 Create a responsive seat selector UI in HTML, CSS, and JS:
		 Adjust office equipment
	 Apply Generative Adversarial Networks (GANs):
		 Attach identification information to products, items or containers
	 Sourcing Analytics:
		 Order materials, supplies, or equipment
	 Amazon CodeWhisperer - Getting Started with Generative AI:
		 Compile data or documentation
	 EV Evolution: Comprehensive Introduction to EVs:
		 Operate vehicles or material-moving equipment
	 Getting Started with Microsoft OneDrive:
		 Confer with co-workers or internal stakeholders to coordinate operational activities
Skills for Job Storepersons
Store items
Distribute materials to employees or customers
Receive shipments
Inspect items for damage or defects
Attach identification information to products, items or containers
Follow safety procedures for loading and unloading vehicles
Adjust office equipment
Stock supplies, merchandise, food or drink
Unload materials, cargo or equipment
Verify accuracy of financial or transactional data
Sell goods or services
Maintain inventory records
Store records or related materials
Maintain operational records
Discuss goods or services information with customers or patrons
Compile data or documentation
Confer with co-workers or internal stakeholders to coordinate operational activities
Operate vehicles or material-moving equipment
Prepare documentation for contracts, transactions or regulatory compliance
Order materials, supplies, or equipment
