Read instances: 0.74 s
Generate matrices: 2.46 s
The optimal value is 0.5
###############################################
################## SCHEDULE ####################
###############################################
Activity: Initial Activity (1) 	 Start Period: 0 	 End Period: 0
Activity: Analysis of Variance with ANOVA in Google Sheets (2.0) 	 Start Period: 1 	 End Period: 1
Activity: AWS: CI/CD Pipelines and Deployment Strategies (10.0) 	 Start Period: 1 	 End Period: 1
Activity: Amazon Aurora Service Introduction (5.0) 	 Start Period: 1 	 End Period: 1
Activity: The Road to Autonomy: Exploring EV Technologies (2.0) 	 Start Period: 1 	 End Period: 2
Activity: Classification of COVID19 using Chest X-ray Images (2.0) 	 Start Period: 2 	 End Period: 2
Activity: Infection Prevention in Nursing Homes (5.0) 	 Start Period: 2 	 End Period: 2
Activity: EV Evolution: Comprehensive Introduction to EVs (1.0) 	 Start Period: 2 	 End Period: 2
Activity: Two-Phase Pipe Hydraulics and Pipe Sizing (10.0) 	 Start Period: 2 	 End Period: 2
Solve time: 0.12
Job affinity: 50.000
Skills per Unit
	 Initial Activity:
	 AWS: CI/CD Pipelines and Deployment Strategies:
		 Remove debris or damaged materials
	 Classification of COVID19 using Chest X-ray Images in Keras:
		 Clean machinery or equipment
	 Analysis of Variance with ANOVA in Google Sheets:
		 Collect samples for analysis or testing
	 Infection Prevention in Nursing Homes:
		 Clean facilities or work areas
	 Amazon Aurora Service Introduction:
		 Move and store materials, equipment or products
	 EV Evolution: Comprehensive Introduction to EVs:
		 Clean vehicles or vehicle components
	 The Road to Autonomy: Exploring EV Technologies:
		 Drive passenger vehicles
		 Inspect motor vehicles
	 Two-Phase Pipe Hydraulics and Pipe Sizing:
		 Connect hoses to equipment or machinery
Skills for Job Car Detailers
Clean vehicles or vehicle components
Control pumps or pumping equipment
Inspect motor vehicles
Clean machinery or equipment
Drive passenger vehicles
Install parts, assemblies or attachments in transportation or material-handling equipment
Procure supplies or equipment
Connect hoses to equipment or machinery
Clean windows or glass surfaces
Move and store materials, equipment or products
Monitor engine operation or functioning
Report vehicle or equipment malfunctions
Maintain vehicles in good working condition
Clean facilities or work areas
Remove debris or damaged materials
Shovel materials
Collect samples for analysis or testing
Test materials, solutions or samples
