Read instances: 0.70 s
Generate matrices: 2.53 s
The optimal value is 0.7699999999999999
###############################################
################## SCHEDULE ####################
###############################################
Activity: Initial Activity (1) 	 Start Period: 0 	 End Period: 0
Activity: Classification of COVID19 using Chest X-ray Images (2.0) 	 Start Period: 1 	 End Period: 1
Activity: Golf Course Management: Best Practices (7.0) 	 Start Period: 1 	 End Period: 1
Activity: A Voice of Their Own. Women's Spirituality in the  (11.0) 	 Start Period: 1 	 End Period: 1
Activity: Getting Started with Git and GitHub (12.0) 	 Start Period: 2 	 End Period: 2
Activity: Systems Engineering (1.0) 	 Start Period: 2 	 End Period: 2
Solve time: 0.23
Job affinity: 22.727
Skills per Unit
	 Initial Activity:
	 Getting Started with Git and GitHub:
		 Confer with others to coordinate maintenance or cleaning activities
	 Classification of COVID19 using Chest X-ray Images in Keras:
		 Assess cleaning requirements
	 Systems Engineering:
		 Maintain equipment or systems to ensure proper functioning
	 Golf Course Management: Best Practices:
		 Clean facilities or sites
	 A Voice of Their Own. Women's Spirituality in the Middle Ages.:
		 Decorate indoor or outdoor spaces
Skills for Job Commercial Cleaners
Clean furniture or fixtures
Safely handle chemicals for work applications
Clean walls or flooring
Clean facilities or sites
Clean toilet and bathroom areas
Dispose of rubbish or waste materials
Clean equipment or supplies
Strip and make beds and change bed linen
Sort, wash, dry or iron fabric, linen and clothes
Monitor building premises to ensure occupant or visitor safety
Operate cleaning or polishing equipment for floors and other surfaces
Assess cleaning requirements
Drive vehicles to, or at, work sites
Move furniture
Select equipment, materials or supplies for cleaning or maintenance activities
Maintain equipment or systems to ensure proper functioning
Confer with others to coordinate maintenance or cleaning activities
Decorate indoor or outdoor spaces
Treat facilities to eliminate pests
Remove debris from work sites
Trim trees or other vegetation
Operate grounds maintenance equipment
