Read instances: 0.71 s
Generate matrices: 2.20 s
The optimal value is 0.86
###############################################
################## SCHEDULE ####################
###############################################
Activity: Initial Activity (1) 	 Start Period: 0 	 End Period: 0
Activity: Finite Element Analysis Convergence and Mesh Indep (2.0) 	 Start Period: 1 	 End Period: 1
Activity: Fundamentals of waves and vibrations (5.0) 	 Start Period: 1 	 End Period: 2
Activity: HTML and CSS: Building a Single-Page Website (2.0) 	 Start Period: 2 	 End Period: 2
Solve time: 0.02
Job affinity: 13.636
Skills per Unit
	 Initial Activity:
	 HTML and CSS: Building a Single-Page Website:
		 Apply protective or decorative finishes
	 Fundamentals of waves and vibrations:
		 Mix substances to create chemical solutions
	 Finite Element Analysis Convergence and Mesh Independence:
		 Compare physical characteristics of materials or products to specifications or standards
Skills for Job Laundry Workers
Apply water or solutions to fabrics or apparel
Operate fabric treatment equipment
Operate pressing and ironing machines
Sort, wash, dry or iron fabric, linen and clothes
Load and unload washing or drycleaning machines, driers and extractors
Inspect garments, fabrics or textile products for defects, damage or stains
Mix substances to create chemical solutions
Sort materials or products for processing, storing, shipping or grading
Compare physical characteristics of materials or products to specifications or standards
Mount materials or work pieces onto production equipment
Mark products, work pieces or equipment with identifying information
Adjust fabrics or other materials during garment production or processing
Test chemical or physical characteristics of materials or products
Smooth garments
Count finished products or work pieces
Remove products or work pieces from production equipment
Clean production equipment
Lubricate production equipment
Apply protective or decorative finishes
Operate sewing equipment
Repair textiles or apparel
Sew products
