Read instances: 0.72 s
Generate matrices: 2.47 s
The optimal value is 0.5
###############################################
################## SCHEDULE ####################
###############################################
Activity: Initial Activity (1) 	 Start Period: 0 	 End Period: 0
Activity: Golf Course Management: Best Practices (7.0) 	 Start Period: 1 	 End Period: 1
Activity: Assets in Accounting (12.0) 	 Start Period: 1 	 End Period: 1
Activity: Systems Engineering (1.0) 	 Start Period: 1 	 End Period: 1
Activity: Classification of COVID19 using Chest X-ray Images (2.0) 	 Start Period: 2 	 End Period: 2
Activity: Introduction to Food and Our Environment (12.0) 	 Start Period: 2 	 End Period: 2
Solve time: 0.13
Job affinity: 50.000
Skills per Unit
	 Initial Activity:
	 Assets in Accounting:
		 Inventory materials or equipment
	 Classification of COVID19 using Chest X-ray Images in Keras:
		 Assess cleaning requirements
	 Introduction to Food and Our Environment:
		 Dispose of rubbish or waste materials
	 Systems Engineering:
		 Maintain equipment or systems to ensure proper functioning
	 Golf Course Management: Best Practices:
		 Clean facilities or sites
Skills for Job Other Cleaners
Clean facilities or sites
Dispose of rubbish or waste materials
Assess cleaning requirements
Select equipment, materials or supplies for cleaning or maintenance activities
Safely handle chemicals for work applications
Inventory materials or equipment
Monitor building premises to ensure occupant or visitor safety
Drive vehicles to, or at, work sites
Confer with others to coordinate maintenance or cleaning activities
Maintain equipment or systems to ensure proper functioning
