Read instances: 0.73 s
Generate matrices: 2.54 s
The optimal value is 0.698
###############################################
################## SCHEDULE ####################
###############################################
Activity: Initial Activity (1) 	 Start Period: 0 	 End Period: 0
Activity: Build Random Forests in R with Azure ML Studio (2.0) 	 Start Period: 1 	 End Period: 1
Activity: Systems Engineering (1.0) 	 Start Period: 1 	 End Period: 1
Activity: Golf Course Management: Best Practices (7.0) 	 Start Period: 1 	 End Period: 2
Solve time: 0.04
Job affinity: 30.000
Skills per Unit
	 Initial Activity:
	 Build Random Forests in R with Azure ML Studio:
		 Assess cleaning requirements
	 Systems Engineering:
		 Maintain equipment or systems to ensure proper functioning
	 Golf Course Management: Best Practices:
		 Clean facilities or sites
Skills for Job Other Cleaners
Clean facilities or sites
Dispose of rubbish or waste materials
Assess cleaning requirements
Select equipment, materials or supplies for cleaning or maintenance activities
Safely handle chemicals for work applications
Inventory materials or equipment
Monitor building premises to ensure occupant or visitor safety
Drive vehicles to, or at, work sites
Confer with others to coordinate maintenance or cleaning activities
Maintain equipment or systems to ensure proper functioning
