Read instances: 0.82 s
Generate matrices: 19.30 s
The optimal value is 0.5549999999999999
###############################################
################## SCHEDULE ####################
###############################################
Activity: Initial Activity (1) 	 Start Period: 0 	 End Period: 0
Activity: Create Employee Management System with When I Work (2.0) 	 Start Period: 1 	 End Period: 1
Activity: Everyday Chinese Medicine 2 (3.0) 	 Start Period: 1 	 End Period: 1
Activity: Working with MySQL DB instance using AWS RDS (2.0) 	 Start Period: 1 	 End Period: 1
Activity: Create a Financial Statement using Microsoft Excel (2.0) 	 Start Period: 1 	 End Period: 1
Activity: Assimilating into Your New Job (2.0) 	 Start Period: 1 	 End Period: 2
Activity: Deploying Java-Maven Application With Jenkins CI/C (2.0) 	 Start Period: 2 	 End Period: 2
Activity: Create Image Captioning Models (1.0) 	 Start Period: 2 	 End Period: 2
Activity: Amazon Bedrock - Getting Started with Generative A (1.0) 	 Start Period: 2 	 End Period: 2
Activity: Launch an auto-scaling AWS EC2 virtual machine (2.0) 	 Start Period: 2 	 End Period: 2
Activity: Introduction to Generative AI Studio - Français (1.0) 	 Start Period: 2 	 End Period: 2
Activity: NGO Startup Analysis with Nonprofit Business Model (2.0) 	 Start Period: 2 	 End Period: 2
Solve time: 1.07
Job affinity: 44.444
Skills per Unit
	 Initial Activity:
	 Create a Financial Statement using Microsoft Excel:
		 Prepare financial documents, reports or budgets
	 NGO Startup Analysis with Nonprofit Business Model Canvas:
		 Implement organisational process or policy changes
	 Create Employee Management System with When I Work:
		 Hire staff
		 Maintain staff records
	 Deploying Java-Maven Application With Jenkins CI/CD Tool:
		 Monitor facilities or operational systems
		 Perform manual service or maintenance tasks
	 Create Image Captioning Models:
		 Analyse data to inform operational decisions or activities
	 Amazon Bedrock - Getting Started with Generative AI:
		 Procure materials, equipment or other resources
	 Everyday Chinese Medicine 2:
		 Evaluate quality of materials or products
	 Launch an auto-scaling AWS EC2 virtual machine:
		 Direct facility maintenance or repair activities
	 Working with MySQL DB instance using AWS RDS:
		 Monitor resources
	 Introduction to Generative AI Studio - Français:
		 Analyse data to inform operational decisions or activities
	 Assimilating into Your New Job:
		 Conduct employee training programs
		 Hire staff
Skills for Job Livestock Farmers
Manage agricultural or forestry operations
Inspect condition, or functioning, of facilities or equipment
Monitor organisational compliance with regulations
Procure materials, equipment or other resources
Monitor resources
Assess characteristics of wool, fleece, hair or hide
Comply with industry animal welfare requirements
Evaluate quality of materials or products
Safely use rifles, revolvers and other firearms
Implement organisational process or policy changes
Monitor facilities or operational systems
Perform manual service or maintenance tasks
Analyse data to inform operational decisions or activities
Conduct employee training programs
Maintain staff records
Maintain operational records
Safely load and unload animals for transport
Direct facility maintenance or repair activities
Negotiate contracts for transportation, distribution or logistics services
Negotiate sales or lease agreements for goods or services
Train employees on environmental awareness, conservation or safety topics
Supervise employees
Hire staff
Perform manual agricultural, aquacultural or horticultural tasks
Manage construction activities
Prepare financial documents, reports or budgets
Prepare operational budgets
