Read instances: 0.74 s
Generate matrices: 2.23 s
The optimal value is 0.7121428571428572
###############################################
################## SCHEDULE ####################
###############################################
Activity: Initial Activity (1) 	 Start Period: 0 	 End Period: 0
Activity: Antibiotic Stewardship (5.0) 	 Start Period: 1 	 End Period: 1
Activity: Mechanics of Materials II: Thin-Walled Pressure Ve (9.0) 	 Start Period: 1 	 End Period: 1
Activity: Two-Phase Pipe Hydraulics and Pipe Sizing (10.0) 	 Start Period: 1 	 End Period: 2
Activity: Cybersecurity Policy Foundations (12.0) 	 Start Period: 2 	 End Period: 2
Solve time: 0.06
Job affinity: 28.571
Skills per Unit
	 Initial Activity:
	 Cybersecurity Policy Foundations:
		 Dig holes or trenches
	 Antibiotic Stewardship:
		 Clean equipment or facilities
	 Two-Phase Pipe Hydraulics and Pipe Sizing:
		 Install plumbing or piping
	 Mechanics of Materials II: Thin-Walled Pressure Vessels and Torsion:
		 Position structural components
Skills for Job Building and Plumbing Labourers
Install plumbing or piping
Mark reference points on construction materials
Review blueprints or specifications to determine work requirements
Measure work site dimensions
Position structural components
Compact or smooth materials to create level bases
Maintain construction tools or equipment
Maintain or repair plumbing or drainage structures or fixtures
Dig holes or trenches
Move construction or mining materials
Load or unload materials used in construction or mining
Assist skilled construction or mining staff
Clean equipment or facilities
Locate equipment or materials in need of repair or replacement
