Read instances: 0.69 s
Generate matrices: 2.04 s
The optimal value is 0.8535714285714285
###############################################
################## SCHEDULE ####################
###############################################
Activity: Initial Activity (1) 	 Start Period: 0 	 End Period: 0
Activity: Mechanics of Materials IV: Deflections, Buckling,  (8.0) 	 Start Period: 1 	 End Period: 1
Activity: Antibiotic Stewardship (5.0) 	 Start Period: 1 	 End Period: 2
Solve time: 0.05
Job affinity: 14.286
Skills per Unit
	 Initial Activity:
	 Antibiotic Stewardship:
		 Clean equipment or facilities
	 Mechanics of Materials IV: Deflections, Buckling, Combined Loading & Failure Theories:
		 Load or unload materials used in construction or mining
Skills for Job Building and Plumbing Labourers
Install plumbing or piping
Mark reference points on construction materials
Review blueprints or specifications to determine work requirements
Measure work site dimensions
Position structural components
Compact or smooth materials to create level bases
Maintain construction tools or equipment
Maintain or repair plumbing or drainage structures or fixtures
Dig holes or trenches
Move construction or mining materials
Load or unload materials used in construction or mining
Assist skilled construction or mining staff
Clean equipment or facilities
Locate equipment or materials in need of repair or replacement
