Read instances: 0.79 s
Generate matrices: 2.58 s
The optimal value is 0.8849999999999999
###############################################
################## SCHEDULE ####################
###############################################
Activity: Initial Activity (1) 	 Start Period: 0 	 End Period: 0
Activity: Command Line Interface (CLI) With Golang From Info (2.0) 	 Start Period: 1 	 End Period: 1
Activity: Human Predicament Complex Modeling (2.0) 	 Start Period: 1 	 End Period: 1
Activity: SketchUp: how to start modelling simple 3D objects (2.0) 	 Start Period: 1 	 End Period: 2
Solve time: 0.05
Job affinity: 11.111
Skills per Unit
	 Initial Activity:
	 SketchUp: how to start modelling simple 3D objects:
		 Build construction forms or moulds
	 Command Line Interface (CLI) With Golang From Infosys:
		 Inspect completed work to ensure proper installation
	 Human Predicament Complex Modeling:
		 Fabricate parts or components
Skills for Job Concreters
Finish concrete surfaces
Smooth surfaces with abrasive materials or tools
Monitor construction operations
Position construction forms or moulds
Apply decorative masonry finishes
Inspect completed work to ensure proper installation
Direct construction or mining staff
Spread concrete or other aggregate mixtures
Mix substances or compounds needed for work activities
Apply sealants or other protective coatings
Clean surfaces before commencing work
Install masonry materials
Signal equipment operators to indicate proper equipment positioning
Pour materials into, or on, designated areas
Operate leveling equipment
Compact or smooth materials to create level bases
Cut metal components
Apply material to fill gaps in surfaces
Prepare surfaces for finishing
Fabricate parts or components
Build construction forms or moulds
Install roofing materials
Install building fixtures
Install metal structural components
Drill holes in construction materials
Break up rock, asphalt or concrete
Position structural components
