Read instances: 0.73 s
Generate matrices: 2.39 s
The optimal value is 0.438125
###############################################
################## SCHEDULE ####################
###############################################
Activity: Initial Activity (1) 	 Start Period: 0 	 End Period: 0
Activity: Ferrous Technology I (4.0) 	 Start Period: 1 	 End Period: 1
Activity: Stanford Introduction to Food and Health (6.0) 	 Start Period: 1 	 End Period: 1
Activity: Mastering Digital Twins (1.0) 	 Start Period: 1 	 End Period: 1
Activity: Sourcing Analytics (10.0) 	 Start Period: 1 	 End Period: 2
Activity: The Meat We Eat (13.0) 	 Start Period: 2 	 End Period: 2
Solve time: 0.11
Job affinity: 56.250
Skills per Unit
	 Initial Activity:
	 Sourcing Analytics:
		 Estimate material requirements for production
		 Order materials, supplies, or equipment
	 Stanford Introduction to Food and Health:
		 Inspect food products
	 Mastering Digital Twins:
		 Direct operational or production activities
	 The Meat We Eat:
		 Cut meat products
		 Ensure safe meat, dairy or produce storage
		 Prepare meat products for sale or consumption
		 Process animal carcasses
	 Ferrous Technology I:
		 Clean materials to prepare them for production
Skills for Job Meat Boners and Slicers, and Slaughterers
Cut meat products
Slaughter animals
Process animal carcasses
Package meat, poultry or seafood
Prepare meat products for sale or consumption
Inspect food products
Record operational or production data
Direct operational or production activities
Clean materials to prepare them for production
Weigh products or materials
Ensure safe meat, dairy or produce storage
Confer with customers or designers to determine order specifications
Estimate material requirements for production
Mark products, work pieces or equipment with identifying information
Order materials, supplies, or equipment
Load items into ovens or furnaces
