Read instances: 0.95 s
Generate matrices: 2.75 s
The optimal value is 0.7121428571428571
###############################################
################## SCHEDULE ####################
###############################################
Activity: Initial Activity (1) 	 Start Period: 0 	 End Period: 0
Activity: AWS: Data Protection and Security Governance (10.0) 	 Start Period: 1 	 End Period: 1
Activity: Implementing Blob Storage in Azure (10.0) 	 Start Period: 1 	 End Period: 1
Activity: Flush Out a Feature on Coursera in Miro (2.0) 	 Start Period: 2 	 End Period: 2
Activity: Creating an AWS EC2 Autoscaling Group using Load B (2.0) 	 Start Period: 2 	 End Period: 2
Activity: Mastering bitumen for better roads and innovative  (7.0) 	 Start Period: 2 	 End Period: 2
Activity: Ferrous Technology I (4.0) 	 Start Period: 2 	 End Period: 2
Solve time: 0.21
Job affinity: 28.571
Skills per Unit
	 Initial Activity:
	 AWS: Data Protection and Security Governance:
		 Notify others of equipment repair or maintenance needs
	 Flush Out a Feature on Coursera in Miro:
		 Maintain inventories of materials, equipment or products
	 Creating an AWS EC2 Autoscaling Group using Load Balancer:
		 Monitor equipment operation to ensure no flaws
	 Implementing Blob Storage in Azure:
		 Package products for storage or shipment
	 Mastering bitumen for better roads and innovative applications:
		 Lubricate production equipment
	 Ferrous Technology I:
		 Clean materials to prepare them for production
Skills for Job Packers
Package products for storage or shipment
Remove products or work pieces from production equipment
Mark products, work pieces or equipment with identifying information
Monitor equipment operation to ensure no flaws
Watch equipment in operation to detect malfunctions
Feed materials or products into or through equipment
Clean materials to prepare them for production
Sort materials or products for processing, storing, shipping or grading
Adjust temperature controls of ovens or other heating equipment
Stack finished items for further processing or shipment
Sew products
Notify others of equipment repair or maintenance needs
Clear equipment jams
Maintain inventories of materials, equipment or products
Weigh products or materials
Measure dimensions of completed products or work pieces to verify conformance to specifications
Record operational or production data
Count finished products or work pieces
Clean production equipment
Lubricate production equipment
Repair production equipment or tools
