Read instances: 0.71 s
Generate matrices: 2.87 s
The optimal value is 0.59
###############################################
################## SCHEDULE ####################
###############################################
Activity: Initial Activity (1) 	 Start Period: 0 	 End Period: 0
Activity: Plastic electronics (6.0) 	 Start Period: 1 	 End Period: 1
Activity: Operations Excellence (10.0) 	 Start Period: 1 	 End Period: 1
Activity: Launch an auto-scaling AWS EC2 virtual machine (2.0) 	 Start Period: 2 	 End Period: 2
Activity: Introduction to Large Language Models - Español (1.0) 	 Start Period: 2 	 End Period: 2
Activity: CAM and Design Manufacturing for Mechanical Engine (12.0) 	 Start Period: 2 	 End Period: 2
Activity: Finite Element Analysis Convergence and Mesh Indep (2.0) 	 Start Period: 2 	 End Period: 2
Activity: Lesson | Understand and Be Understood on the Phone (1.0) 	 Start Period: 2 	 End Period: 2
Solve time: 0.24
Job affinity: 40.909
Skills per Unit
	 Initial Activity:
	 Operations Excellence:
		 Move products, materials or equipment between work areas
	 Launch an auto-scaling AWS EC2 virtual machine:
		 Adjust equipment controls to regulate flow of production
	 Introduction to Large Language Models - Español:
		 Assist machine operators
	 CAM and Design Manufacturing for Mechanical Engineers with Autodesk Fusion 360:
		 Cut industrial materials in preparation for fabrication or processing
	 Finite Element Analysis Convergence and Mesh Independence:
		 Compare physical characteristics of materials or products to specifications or standards
		 Review blueprints or other instructions to determine operational methods or sequences
	 Plastic electronics:
		 Inspect plastic or composite products
		 Place materials into or onto moulds
	 Lesson | Understand and Be Understood on the Phone:
		 Confer with others to resolve production problems or equipment malfunctions
Skills for Job Plastics and Rubber Factory Workers
Operate plastic or rubber forming equipment
Load materials into production equipment
Package materials or products
Move products, materials or equipment between work areas
Adjust equipment controls to regulate flow of production
Cut industrial materials in preparation for fabrication or processing
Sort materials or products for processing, storing, shipping or grading
Prepare moulds or casts for production
Remove work pieces from moulds
Clean work areas
Clean production equipment
Assist machine operators
Watch equipment in operation to detect malfunctions
Place materials into or onto moulds
Record operational or production data
Apply parting agents or other solutions to moulds
Inspect plastic or composite products
Review blueprints or other instructions to determine operational methods or sequences
Weigh products or materials
Compare physical characteristics of materials or products to specifications or standards
Notify others of equipment repair or maintenance needs
Confer with others to resolve production problems or equipment malfunctions
