Read instances: 0.71 s
Generate matrices: 2.62 s
The optimal value is 0.786578947368421
###############################################
################## SCHEDULE ####################
###############################################
Activity: Initial Activity (1) 	 Start Period: 0 	 End Period: 0
Activity: EDIVET: Do you have what it takes to be a veterina (9.0) 	 Start Period: 1 	 End Period: 2
Solve time: 0.04
Job affinity: 21.053
Skills per Unit
	 Initial Activity:
	 EDIVET: Do you have what it takes to be a veterinarian?:
		 Care for animals
		 Comply with industry animal welfare requirements
		 Examine animals to detect illness, injury or other problems
		 Perform animal breeding procedures
Skills for Job Livestock Farm Workers
Care for animals
Operate farming or agricultural equipment
Maintain operational records
Examine animals to detect illness, injury or other problems
Perform animal breeding procedures
Maintain forestry, hunting or agricultural equipment
Transport animals, crops, or equipment
Safely load and unload animals for transport
Prepare materials or solutions for animal or plant use
Assess characteristics of wool, fleece, hair or hide
Clean equipment or facilities
Mark agricultural or forestry products for identification
Grade or classify agricultural produce
Comply with industry animal welfare requirements
Employ appropriate wool or fleece handling techniques
Maintain inventories of materials, equipment or products
Treat animal injuries or illnesses
Package agricultural products for shipment or further processing
Remove skin or other body parts from animals
