Read instances: 0.71 s
Generate matrices: 2.17 s
The optimal value is 0.797
###############################################
################## SCHEDULE ####################
###############################################
Activity: Initial Activity (1) 	 Start Period: 0 	 End Period: 0
Activity: Leveraging Virtual Assistants for Personal Product (1.0) 	 Start Period: 1 	 End Period: 1
Activity: Exam Prep: AWS Certified Cloud Practitioner Founda (9.0) 	 Start Period: 1 	 End Period: 2
Solve time: 0.02
Job affinity: 20.000
Skills per Unit
	 Initial Activity:
	 Leveraging Virtual Assistants for Personal Productivity:
		 Document work hours or activities
	 Exam Prep: AWS Certified Cloud Practitioner Foundations:
		 Estimate maintenance service requirements or costs
Skills for Job Pest Control Technicians
Document work hours or activities
Inspect buildings or grounds to determine condition
Drive vehicles to, or at, work sites
Treat greenery or surfaces with protective substances
Recommend goods or services to customers
Treat facilities to eliminate pests
Clean facilities or sites
Estimate maintenance service requirements or costs
Supervise maintenance workers
Evaluate reports or designs to determine work needs
