Read instances: 0.71 s
Generate matrices: 2.17 s
The optimal value is 0.7828571428571429
###############################################
################## SCHEDULE ####################
###############################################
Activity: Initial Activity (1) 	 Start Period: 0 	 End Period: 0
Activity: Create your e-commerce store with Shopify (2.0) 	 Start Period: 1 	 End Period: 1
Activity: Stanford Introduction to Food and Health (6.0) 	 Start Period: 1 	 End Period: 2
Solve time: 0.02
Job affinity: 21.429
Skills per Unit
	 Initial Activity:
	 Create your e-commerce store with Shopify:
		 Process customer bills or payments
	 Stanford Introduction to Food and Health:
		 Cook foods
		 Coordinate food preparation
Skills for Job Fast Food Cooks
Cook foods
Clean food preparation areas, facilities or equipment
Serve food or drinks
Check quality of foods or supplies
Weigh or measure ingredients
Stock serving stations or dining areas with food or supplies
Prepare foods for processing, cooking and serving
Take customer orders
Process customer bills or payments
Prepare breads or doughs
Mix ingredients
Coordinate food preparation
Prepare hot or cold drinks
Order materials, supplies, or equipment
