Read instances: 0.72 s
Generate matrices: 2.32 s
The optimal value is 0.8785294117647059
###############################################
################## SCHEDULE ####################
###############################################
Activity: Initial Activity (1) 	 Start Period: 0 	 End Period: 0
Activity: Build a mobile app with Google Sheets on Glide and (2.0) 	 Start Period: 1 	 End Period: 1
Activity: Introduction to Process Safety and Risk Analysis (8.0) 	 Start Period: 1 	 End Period: 2
Solve time: 0.01
Job affinity: 11.765
Skills per Unit
	 Initial Activity:
	 Build a mobile app with Google Sheets on Glide and no coding:
		 Test electrical circuits or components for proper functioning
	 Introduction to Process Safety and Risk Analysis:
		 Inspect gas systems or components to identify hazards
Skills for Job Motor Vehicle Parts and Accessories Fitters
Estimate costs for labour or materials
Service green vehicles
Adjust vehicle components according to specifications
Inspect vehicles to determine overall condition
Record information about parts, materials or repair procedures
Align equipment or machinery
Test electrical circuits or components for proper functioning
Troubleshoot equipment or systems operation problems
Replace or repair non-engine automotive or vehicle components
Replace worn, damaged or defective mechanical parts
Inspect gas systems or components to identify hazards
Repair defective engines or engine components
Install heating, ventilation or air conditioning (HVAC) equipment
Repair worn, damaged, or defective mechanical parts
Rebuild parts or components
Test mechanical systems to ensure proper functioning
Install vehicle parts or accessories
