Read instances: 0.72 s
Generate matrices: 2.78 s
The optimal value is 0.302
###############################################
################## SCHEDULE ####################
###############################################
Activity: Initial Activity (1) 	 Start Period: 0 	 End Period: 0
Activity: Edit your photos for Social Media with Easil (2.0) 	 Start Period: 1 	 End Period: 1
Activity: Advanced Models for Decision Making (12.0) 	 Start Period: 1 	 End Period: 1
Activity: Materials Science: 10 Things Every Engineer Should (8.0) 	 Start Period: 1 	 End Period: 2
Activity: Introduction to Generative AI Studio (1.0) 	 Start Period: 2 	 End Period: 2
Activity: AWS: Data Protection and Security Governance (10.0) 	 Start Period: 2 	 End Period: 2
Activity: Landing.AI for Beginners: Build Data Visualization (1.0) 	 Start Period: 2 	 End Period: 2
Activity: Antibiotic Stewardship (5.0) 	 Start Period: 2 	 End Period: 2
Solve time: 0.21
Job affinity: 70.000
Skills per Unit
	 Initial Activity:
	 Introduction to Generative AI Studio:
		 Enter commands, instructions, or specifications into equipment
	 AWS: Data Protection and Security Governance:
		 Notify others of equipment repair or maintenance needs
	 Advanced Models for Decision Making:
		 Maintain production or processing equipment
	 Landing.AI for Beginners: Build Data Visualization AI Models:
		 Enter commands, instructions, or specifications into equipment
	 Antibiotic Stewardship:
		 Clean equipment or facilities
	 Materials Science: 10 Things Every Engineer Should Know:
		 Evaluate quality of materials or products
		 Read work orders or other instructions to determine product specifications or materials requirements
	 Edit your photos for Social Media with Easil:
		 Operate equipment to print images or bind printed images together
Skills for Job Printing Assistants and Table Workers
Operate equipment to print images or bind printed images together
Mount materials or work pieces onto production equipment
Enter commands, instructions, or specifications into equipment
Evaluate quality of materials or products
Lubricate production equipment
Clean equipment or facilities
Record operational or production data
Maintain production or processing equipment
Read work orders or other instructions to determine product specifications or materials requirements
Notify others of equipment repair or maintenance needs
