Read instances: 0.71 s
Generate matrices: 12.44 s
The optimal value is 0.335
###############################################
################## SCHEDULE ####################
###############################################
Activity: Initial Activity (1) 	 Start Period: 0 	 End Period: 0
Activity: Unity for Absolute Beginners - Getting Started (2.0) 	 Start Period: 1 	 End Period: 1
Activity: Generative AI for Leaders (4.0) 	 Start Period: 1 	 End Period: 1
Activity: Build a Twitter Clone Front-End with ReactJS (2.0) 	 Start Period: 1 	 End Period: 1
Activity: Everyday Chinese Medicine 2 (3.0) 	 Start Period: 1 	 End Period: 2
Activity: Graphic design: pop your Linkedin with 3D effect u (2.0) 	 Start Period: 2 	 End Period: 2
Activity: Planning a Generative AI Project (1.0) 	 Start Period: 2 	 End Period: 2
Activity: Getting Started with Microsoft OneDrive (2.0) 	 Start Period: 2 	 End Period: 2
Activity: Lesson | Video Conferencing: Face to Face but Onli (1.0) 	 Start Period: 2 	 End Period: 2
Activity: Lesson | Organize Your Pitch (1.0) 	 Start Period: 2 	 End Period: 2
Activity: Introduction to CRM with HubSpot (2.0) 	 Start Period: 2 	 End Period: 2
Solve time: 0.79
Job affinity: 66.667
Skills per Unit
	 Initial Activity:
	 Generative AI for Leaders:
		 Collaborate with others to prepare or perform artistic productions
		 Coordinate logistics for productions or events
		 Provide creative leadership to ensure production has desired effect, mood or style
	 Introduction to CRM with HubSpot:
		 Perform marketing activities
	 Unity for Absolute Beginners - Getting Started:
		 Construct distinctive physical objects for artistic, functional or commercial purposes
	 Build a Twitter Clone Front-End with ReactJS:
		 Build models, patterns or templates
		 Monitor current trends
	 Graphic design: pop your Linkedin with 3D effect using Canva:
		 Create computer-generated graphics or animation
		 Develop artistic or design concepts for decoration, exhibition, performance or commercial purposes
		 Draw detailed or technical illustrations
	 Planning a Generative AI Project:
		 Collaborate with others to determine technical details of productions
		 Conduct research to inform art, designs or other work
		 Create computer-generated graphics or animation
		 Develop artistic or design concepts for decoration, exhibition, performance or commercial purposes
	 Everyday Chinese Medicine 2:
		 Prepare materials for preservation, storage or display
	 Getting Started with Microsoft OneDrive:
		 Maintain records, documents or other files
	 Lesson | Video Conferencing: Face to Face but Online:
		 Operate still or video cameras or related equipment
	 Lesson | Organize Your Pitch:
		 Send information, materials or documentation
Skills for Job Visual Arts and Crafts Professionals
Draw detailed or technical illustrations
Construct distinctive physical objects for artistic, functional or commercial purposes
Develop artistic or design concepts for decoration, exhibition, performance or commercial purposes
Present work to clients for approval
Provide creative leadership to ensure production has desired effect, mood or style
Coordinate logistics for productions or events
Build models, patterns or templates
Collaborate with others to determine technical details of productions
Apply finishes to artwork, crafts, or displays
Research new technologies
Estimate costs for projects or productions
Perform marketing activities
Operate still or video cameras or related equipment
Teach classes in area of specialisation
Collaborate with others to prepare or perform artistic productions
Conduct research to inform art, designs or other work
Monitor current trends
Determine technical requirements of productions or projects
Maintain records, documents or other files
Prepare materials for preservation, storage or display
Create computer-generated graphics or animation
Arrange artwork, products or props
Send information, materials or documentation
Entertain public with performances
