Read instances: 0.72 s
Generate matrices: 12.67 s
The optimal value is 0.25249999999999995
###############################################
################## SCHEDULE ####################
###############################################
Activity: Initial Activity (1) 	 Start Period: 0 	 End Period: 0
Activity: Unity for Absolute Beginners - Getting Started (2.0) 	 Start Period: 1 	 End Period: 1
Activity: Diabetes – the Essential Facts (10.0) 	 Start Period: 1 	 End Period: 1
Activity: How to Create Video for Online Courses (6.0) 	 Start Period: 1 	 End Period: 1
Activity: Build a Twitter Clone Front-End with ReactJS (2.0) 	 Start Period: 1 	 End Period: 2
Activity: Generative AI for Leaders (4.0) 	 Start Period: 2 	 End Period: 2
Activity: Planning a Generative AI Project (1.0) 	 Start Period: 2 	 End Period: 2
Activity: Everyday Chinese Medicine 2 (3.0) 	 Start Period: 2 	 End Period: 2
Activity: Creating a Free Business Page with Blogger (2.0) 	 Start Period: 2 	 End Period: 2
Activity: How to Make Money with Your Music Copyrights (6.0) 	 Start Period: 2 	 End Period: 2
Activity: Lesson | Organize Your Pitch (1.0) 	 Start Period: 2 	 End Period: 2
Activity: Create a Mockup in Figma (2.0) 	 Start Period: 2 	 End Period: 2
Solve time: 1.67
Job affinity: 75.000
Skills per Unit
	 Initial Activity:
	 Creating a Free Business Page with Blogger:
		 Perform marketing activities
	 Generative AI for Leaders:
		 Collaborate with others to prepare or perform artistic productions
		 Coordinate logistics for productions or events
		 Provide creative leadership to ensure production has desired effect, mood or style
	 Create a Mockup in Figma:
		 Create computer-generated graphics or animation
		 Develop artistic or design concepts for decoration, exhibition, performance or commercial purposes
		 Draw detailed or technical illustrations
	 Unity for Absolute Beginners - Getting Started:
		 Construct distinctive physical objects for artistic, functional or commercial purposes
	 Build a Twitter Clone Front-End with ReactJS:
		 Build models, patterns or templates
		 Monitor current trends
	 Planning a Generative AI Project:
		 Collaborate with others to determine technical details of productions
		 Conduct research to inform art, designs or other work
		 Create computer-generated graphics or animation
		 Develop artistic or design concepts for decoration, exhibition, performance or commercial purposes
	 Diabetes – the Essential Facts:
		 Research new technologies
	 Everyday Chinese Medicine 2:
		 Prepare materials for preservation, storage or display
	 How to Make Money with Your Music Copyrights:
		 Entertain public with performances
	 How to Create Video for Online Courses:
		 Determine technical requirements of productions or projects
		 Operate still or video cameras or related equipment
	 Lesson | Organize Your Pitch:
		 Send information, materials or documentation
Skills for Job Visual Arts and Crafts Professionals
Draw detailed or technical illustrations
Construct distinctive physical objects for artistic, functional or commercial purposes
Develop artistic or design concepts for decoration, exhibition, performance or commercial purposes
Present work to clients for approval
Provide creative leadership to ensure production has desired effect, mood or style
Coordinate logistics for productions or events
Build models, patterns or templates
Collaborate with others to determine technical details of productions
Apply finishes to artwork, crafts, or displays
Research new technologies
Estimate costs for projects or productions
Perform marketing activities
Operate still or video cameras or related equipment
Teach classes in area of specialisation
Collaborate with others to prepare or perform artistic productions
Conduct research to inform art, designs or other work
Monitor current trends
Determine technical requirements of productions or projects
Maintain records, documents or other files
Prepare materials for preservation, storage or display
Create computer-generated graphics or animation
Arrange artwork, products or props
Send information, materials or documentation
Entertain public with performances
