Read instances: 0.69 s
Generate matrices: 11.45 s
The optimal value is 0.1634
###############################################
################## SCHEDULE ####################
###############################################
Activity: Initial Activity (1) 	 Start Period: 0 	 End Period: 0
Activity: Create User Directory and Files with Linux Command (2.0) 	 Start Period: 1 	 End Period: 1
Activity: How to Make Money with Your Music Copyrights (6.0) 	 Start Period: 1 	 End Period: 1
Activity: How to Create Video for Online Courses (6.0) 	 Start Period: 1 	 End Period: 1
Activity: The entrepreneur's guide for beginners (5.0) 	 Start Period: 1 	 End Period: 1
Activity: Storytelling With Data (2.0) 	 Start Period: 1 	 End Period: 2
Activity: Generative AI for Leaders (4.0) 	 Start Period: 2 	 End Period: 2
Activity: Use Commands and Create a Remote Git Repository (2.0) 	 Start Period: 2 	 End Period: 2
Activity: Transformer Models and BERT Model (1.0) 	 Start Period: 2 	 End Period: 2
Activity: Azure: create a REST API using NodeJS Serverless F (2.0) 	 Start Period: 2 	 End Period: 2
Activity: Building No-code Apps using Amazon Honeycode (5.0) 	 Start Period: 2 	 End Period: 2
Activity: Lesson | Get Ready for the Interview (1.0) 	 Start Period: 2 	 End Period: 2
Activity: Lesson | Organize Your Pitch (1.0) 	 Start Period: 2 	 End Period: 2
Activity: Using Video in Social Media Posts with Canva (2.0) 	 Start Period: 2 	 End Period: 2
Solve time: 1.37
Job affinity: 84.000
Skills per Unit
	 Initial Activity:
	 Generative AI for Leaders:
		 Collaborate with others to prepare or perform artistic productions
		 Coordinate logistics for productions or events
	 The entrepreneur's guide for beginners:
		 Direct fundraising or financing activities
	 Using Video in Social Media Posts with Canva:
		 Collaborate with others to prepare or perform artistic productions
		 Coordinate artistic activities
		 Create computer-generated graphics or animation
	 Use Commands and Create a Remote Git Repository:
		 Compile technical information or documentation
		 Discuss production content and progress with others
	 Storytelling With Data:
		 Manage content of broadcasts or presentations
		 Prepare production storyboards
	 Transformer Models and BERT Model:
		 Promote products, activities, or organisations
	 Azure: create a REST API using NodeJS Serverless Functions:
		 Negotiate for services
	 Create User Directory and Files with Linux Commands:
		 Study scripts to determine project requirements
	 Building No-code Apps using Amazon Honeycode:
		 Collaborate with others to determine technical details of productions
		 Coordinate activities of production staff
	 How to Make Money with Your Music Copyrights:
		 Direct productions or performances
		 Edit audio, photographs or video recordings
	 How to Create Video for Online Courses:
		 Determine technical requirements of productions or projects
		 Edit audio, photographs or video recordings
		 Operate still or video cameras or related equipment
	 Lesson | Get Ready for the Interview:
		 Audition or interview potential performers or staff members
	 Lesson | Organize Your Pitch:
		 Determine presentation subjects or content
		 Inform viewers, listeners or audiences
Skills for Job Film, Television, Radio and Stage Directors
Determine technical requirements of productions or projects
Direct productions or performances
Collaborate with others to determine technical details of productions
Coordinate logistics for productions or events
Study scripts to determine project requirements
Coordinate activities of production staff
Collaborate with others to prepare or perform artistic productions
Review details of technical drawings or specifications
Coordinate artistic activities
Compile technical information or documentation
Discuss production content and progress with others
Select materials or props
Determine presentation subjects or content
Set up and operate lighting equipment
Manage content of broadcasts or presentations
Select staff, team members or performers
Create computer-generated graphics or animation
Operate still or video cameras or related equipment
Edit audio, photographs or video recordings
Promote products, activities, or organisations
Inform viewers, listeners or audiences
Direct fundraising or financing activities
Negotiate for services
Audition or interview potential performers or staff members
Prepare production storyboards
