Read instances: 0.72 s
Generate matrices: 19.96 s
The optimal value is 0.5707142857142857
###############################################
################## SCHEDULE ####################
###############################################
Activity: Initial Activity (1) 	 Start Period: 0 	 End Period: 0
Activity: Qlik Sense for Beginners: Analyze and Visualize Da (2.0) 	 Start Period: 1 	 End Period: 1
Activity: Building a Generative AI-Ready Organization (1.0) 	 Start Period: 1 	 End Period: 1
Activity: Duet AI in Gmail (1.0) 	 Start Period: 1 	 End Period: 1
Activity: Calculating Descriptive Statistics in R (2.0) 	 Start Period: 2 	 End Period: 2
Activity: The Emergence of Oncofertility (Past, Present & Fu (2.0) 	 Start Period: 2 	 End Period: 2
Solve time: 0.38
Job affinity: 42.857
Skills per Unit
	 Initial Activity:
	 Qlik Sense for Beginners: Analyze and Visualize Data:
		 Apply mathematical principles or statistical approaches to solve problems in scientific or applied fields
		 Prepare scientific or technical reports or presentations
	 Calculating Descriptive Statistics in R:
		 Analyse data to identify trends or relationships among variables
		 Apply mathematical principles or statistical approaches to solve problems in scientific or applied fields
	 Building a Generative AI-Ready Organization:
		 Advise others on matters of public policy
	 The Emergence of Oncofertility (Past, Present & Future):
		 Conduct research on social issues
	 Duet AI in Gmail:
		 Advise others on business or operational matters
Skills for Job Economists
Review professional literature to maintain professional knowledge
Instruct tertiary students in social sciences or humanities disciplines
Prepare scientific or technical reports or presentations
Forecast economic, political, social or financial trends
Supervise trainees
Analyse data to identify trends or relationships among variables
Conduct research on social issues
Apply mathematical principles or statistical approaches to solve problems in scientific or applied fields
Advise others on matters of public policy
Record research or operational data
Present information to the public
Establish standards for products, processes or procedures
Advise others on business or operational matters
Testify at legal or legislative proceedings
