Read instances: 0.72 s
Generate matrices: 12.92 s
The optimal value is 0.07571428571428572
###############################################
################## SCHEDULE ####################
###############################################
Activity: Initial Activity (1) 	 Start Period: 0 	 End Period: 0
Activity: Get started with Jira (2.0) 	 Start Period: 1 	 End Period: 1
Activity: Google Ads for Beginners (2.0) 	 Start Period: 1 	 End Period: 1
Activity: Engaging and Assessing Students with Plickers (2.0) 	 Start Period: 1 	 End Period: 1
Activity: Build a Professional Resume using Canva (2.0) 	 Start Period: 1 	 End Period: 2
Activity: Generative AI for Leaders (4.0) 	 Start Period: 2 	 End Period: 2
Activity: Develop a free website with WordPress (2.0) 	 Start Period: 2 	 End Period: 2
Activity: Attention Mechanism (1.0) 	 Start Period: 2 	 End Period: 2
Activity: Introduction to Duet AI in Google Workspace (1.0) 	 Start Period: 2 	 End Period: 2
Activity: Duet AI in Gmail (1.0) 	 Start Period: 2 	 End Period: 2
Activity: Lesson | Video Conferencing: Face to Face but Onli (1.0) 	 Start Period: 2 	 End Period: 2
Solve time: 0.97
Job affinity: 92.857
Skills per Unit
	 Initial Activity:
	 Google Ads for Beginners:
		 Conduct market research
		 Develop promotional strategies or plans
	 Generative AI for Leaders:
		 Coordinate logistics for productions or events
	 Get started with Jira:
		 Collaborate with others in marketing activities
	 Develop a free website with WordPress:
		 Deliver, publish, broadcast or distribute final audio or visual media product
		 Manage content of broadcasts or presentations
		 Write advertising or promotional material
	 Attention Mechanism:
		 Promote products, activities, or organisations
	 Introduction to Duet AI in Google Workspace:
		 Edit written materials
	 Duet AI in Gmail:
		 Edit written materials
	 Engaging and Assessing Students with Plickers:
		 Provide educational information to the public
	 Build a Professional Resume using Canva:
		 Inform viewers, listeners or audiences
		 Write informational material
	 Lesson | Video Conferencing: Face to Face but Online:
		 Operate still or video cameras or related equipment
Skills for Job Public Relations Professionals
Write advertising or promotional material
Develop promotional strategies or plans
Provide educational information to the public
Manage content of broadcasts or presentations
Collaborate with others in marketing activities
Write informational material
Coach others
Edit written materials
Deliver, publish, broadcast or distribute final audio or visual media product
Coordinate logistics for productions or events
Operate still or video cameras or related equipment
Promote products, activities, or organisations
Inform viewers, listeners or audiences
Conduct market research
