Read instances: 0.74 s
Generate matrices: 11.16 s
The optimal value is 0.6437096774193549
###############################################
################## SCHEDULE ####################
###############################################
Activity: Initial Activity (1) 	 Start Period: 0 	 End Period: 0
Activity: Getting started with Microsoft Office 365 (2.0) 	 Start Period: 1 	 End Period: 1
Activity: Introduction to Generative AI Studio - Français (1.0) 	 Start Period: 1 	 End Period: 1
Activity: Lesson | Express Yourself: Pronunciation (1.0) 	 Start Period: 1 	 End Period: 1
Activity: Lesson | Organize Your Pitch (1.0) 	 Start Period: 1 	 End Period: 1
Activity: Voice of the Customer (VoC): Enhancing Experiences (2.0) 	 Start Period: 2 	 End Period: 2
Activity: Set up AWS Billing Alerts using AWS Budgets (2.0) 	 Start Period: 2 	 End Period: 2
Solve time: 0.31
Job affinity: 35.484
Skills per Unit
	 Initial Activity:
	 Voice of the Customer (VoC): Enhancing Experiences:
		 Advise customers on the use of goods or services
		 Answer customer questions about goods or services
		 Develop marketing plans or strategies
	 Getting started with Microsoft Office 365:
		 Develop content for sales presentations or other materials
		 Maintain records of customer accounts
	 Set up AWS Billing Alerts using AWS Budgets:
		 Monitor sales activities
	 Introduction to Generative AI Studio - Français:
		 Discuss design or technical features of goods or services with technical staff
	 Lesson | Express Yourself: Pronunciation:
		 Attend events to develop professional knowledge
	 Lesson | Organize Your Pitch:
		 Contact current or potential customers to promote goods or services
		 Deliver promotional presentations to current or prospective customers
		 Develop content for sales presentations or other materials
		 Explain technical product or service information to customers
Skills for Job Technical Sales Representatives
Answer customer questions about goods or services
Sell goods or services
Maintain records of customer accounts
Explain technical product or service information to customers
Estimate costs or terms of sales
Demonstrate products to consumers
Contact current or potential customers to promote goods or services
Develop marketing plans or strategies
Prepare sales or other contracts
Negotiate prices or other sales terms
Recommend goods or services to customers
Gather customer or product information to determine customer needs
Identify potential customers
Develop proposals for current or prospective customers
Attend events to develop professional knowledge
Deliver promotional presentations to current or prospective customers
Maintain records of sales or other business transactions
Distribute promotional literature or samples to customers
Study product information to acquire professional knowledge
Process sales or other transactions
Prepare financial documents, reports or budgets
Monitor market conditions or trends
Develop content for sales presentations or other materials
Discuss design or technical features of goods or services with technical staff
Monitor sales activities
Advise customers on the use of goods or services
Share sales-related or market information with colleagues
Verify customer credit information
Coordinate sales campaigns
Stock products or parts
Explain financial information to customers
