Read instances: 0.77 s
Generate matrices: 17.41 s
The optimal value is 0.36973684210526314
###############################################
################## SCHEDULE ####################
###############################################
Activity: Initial Activity (1) 	 Start Period: 0 	 End Period: 0
Activity: Bayesian Inference with MCMC (12.0) 	 Start Period: 1 	 End Period: 1
Activity: Metaliteracy: Empowering Yourself in a Connected W (4.0) 	 Start Period: 1 	 End Period: 1
Activity: Data and Urban Governance (10.0) 	 Start Period: 1 	 End Period: 2
Activity: Where, Why, and How of Lambda Functions in Python (2.0) 	 Start Period: 2 	 End Period: 2
Activity: Covid-19 Death Medical Analysis & Visualization us (2.0) 	 Start Period: 2 	 End Period: 2
Activity: Oil & Gas Industry Operations and Markets (7.0) 	 Start Period: 2 	 End Period: 2
Activity: Get started with Upwork (2.0) 	 Start Period: 2 	 End Period: 2
Solve time: 1.81
Job affinity: 63.158
Skills per Unit
	 Initial Activity:
	 Bayesian Inference with MCMC:
		 Apply mathematical principles or statistical approaches to solve problems in scientific or applied fields
		 Calculate geographic positions from survey data
		 Gather physical survey data
	 Where, Why, and How of Lambda Functions in Python:
		 Determine operational criteria or specifications
	 Covid-19 Death Medical Analysis & Visualization using Plotly:
		 Create maps
	 Oil & Gas Industry Operations and Markets:
		 Direct surveying activities
	 Data and Urban Governance:
		 Advise others on technical requirements for surveying, mapping and spatial information systems
		 Analyse physical, survey, or geographic data
		 Communicate with government agencies
		 Develop surveying and land information systems
	 Get started with Upwork:
		 Coordinate activities with suppliers, contractors, clients, or other departments
	 Metaliteracy: Empowering Yourself in a Connected World:
		 Apply knowledge, understanding and respect of culturally significant sites or objects
Skills for Job Surveyors and Spatial Scientists
Calculate geographic positions from survey data
Verify mathematical calculations
Document technical design details
Create maps
Direct surveying activities
Advise others on technical requirements for surveying, mapping and spatial information systems
Gather physical survey data
Apply mathematical principles or statistical approaches to solve problems in scientific or applied fields
Coordinate activities with suppliers, contractors, clients, or other departments
Review documents or materials for compliance with policies or regulations
Analyse physical, survey, or geographic data
Communicate with government agencies
Develop surveying and land information systems
Apply knowledge, understanding and respect of culturally significant sites or objects
Determine operational criteria or specifications
Survey land or bodies of water
Train staff on proper operational procedures
Calibrate scientific or technical equipment
Testify at legal or legislative proceedings
