Read instances: 0.73 s
Generate matrices: 20.04 s
The optimal value is 0.6142307692307692
###############################################
################## SCHEDULE ####################
###############################################
Activity: Initial Activity (1) 	 Start Period: 0 	 End Period: 0
Activity: Amazon Translate: Translate documents with batch t (2.0) 	 Start Period: 1 	 End Period: 1
Activity: The Road to Autonomy: Exploring EV Technologies (2.0) 	 Start Period: 1 	 End Period: 1
Activity: Outsmarting intermittency (2.0) 	 Start Period: 1 	 End Period: 2
Activity: Smart Contracts with Solidity: Create an Ethereum  (2.0) 	 Start Period: 2 	 End Period: 2
Activity: Create Charts and Dashboards Using Microsoft Excel (2.0) 	 Start Period: 2 	 End Period: 2
Solve time: 0.44
Job affinity: 38.462
Skills per Unit
	 Initial Activity:
	 Create Charts and Dashboards Using Microsoft Excel:
		 Prepare operational reports
	 Smart Contracts with Solidity: Create an Ethereum contract:
		 Develop software applications
		 Inspect finished products to locate flaws
	 Amazon Translate: Translate documents with batch translation:
		 Design electronic or computer equipment or instrumentation
		 Operate computer systems
	 The Road to Autonomy: Exploring EV Technologies:
		 Design energy production or management equipment or systems
		 Evaluate characteristics of equipment or systems
		 Recommend technical design or process changes to improve efficiency, quality or performance
	 Outsmarting intermittency:
		 Communicate technical information to suppliers, contractors or regulatory agencies
		 Design energy production or management equipment or systems
		 Explain project details to the general public
Skills for Job Electronics Engineers
Design electronic or computer equipment or instrumentation
Operate computer systems
Research design or application of green technologies
Direct industrial production activities
Estimate technical or resource requirements for development or production projects
Create schematic drawings for electronics
Evaluate characteristics of equipment or systems
Test products for functionality or quality
Document technical design details
Develop software applications
Analyse design requirements for computer or electronics systems
Determine operational criteria or specifications
Recommend technical design or process changes to improve efficiency, quality or performance
Inspect finished products to locate flaws
Write computer programming code
Communicate technical information to suppliers, contractors or regulatory agencies
Confer with technical staff to prepare designs or operational plans
Discuss designs or plans with clients
Provide technical guidance to other staff
Advise customers on the use of goods or services
Design energy production or management equipment or systems
Prepare operational reports
Schedule operational activities
Explain project details to the general public
Estimate operational costs
Prepare project budgets
