Read instances: 0.76 s
Generate matrices: 12.54 s
The optimal value is 0.725
###############################################
################## SCHEDULE ####################
###############################################
Activity: Initial Activity (1) 	 Start Period: 0 	 End Period: 0
Activity: Building Machine Learning Pipelines in PySpark MLl (2.0) 	 Start Period: 1 	 End Period: 1
Activity: Fundamentals of Speechwriting (2.0) 	 Start Period: 1 	 End Period: 1
Activity: Getting Started with Spatial Analysis in GeoDa (2.0) 	 Start Period: 1 	 End Period: 2
Activity: K-Means Clustering 101: World Happiness Report (2.0) 	 Start Period: 2 	 End Period: 2
Activity: Integrated development environments in Linux (2.0) 	 Start Period: 2 	 End Period: 2
Solve time: 0.33
Job affinity: 27.273
Skills per Unit
	 Initial Activity:
	 Building Machine Learning Pipelines in PySpark MLlib:
		 Analyse test or validation data
	 Getting Started with Spatial Analysis in GeoDa:
		 Analyse geological or geographical data
		 Communicate results of environmental research
	 K-Means Clustering 101: World Happiness Report:
		 Analyse geological samples
	 Integrated development environments in Linux:
		 Develop software or applications for scientific or technical use
	 Fundamentals of Speechwriting:
		 Prepare scientific or technical reports or presentations
Skills for Job Geologists, Geophysicists and Hydrogeologists
Interpret research or operational data
Analyse geological or geographical data
Prepare maps
Locate natural resources using geospatial or other environmental data
Research geological features or processes
Review professional literature to maintain professional knowledge
Develop software or applications for scientific or technical use
Measure environmental characteristics
Develop plans to manage natural or renewable resources
Review plans or proposals for environmental conservation
Determine methods to minimise environmental impact of activities
Coordinate cross-disciplinary research programs
Research impacts of environmental conservation initiatives
Research hydrologic features or processes
Advise others on management of emergencies or hazardous situations or materials
Analyse test or validation data
Advise others about environmental management or conservation
Develop sustainable industrial or development methods
Communicate results of environmental research
Instruct tertiary students in physical or life sciences
Prepare scientific or technical reports or presentations
Analyse geological samples
