Read instances: 0.74 s
Generate matrices: 11.03 s
The optimal value is 0.5645652173913043
###############################################
################## SCHEDULE ####################
###############################################
Activity: Initial Activity (1) 	 Start Period: 0 	 End Period: 0
Activity: COVID-19 Training for Healthcare Workers (8.0) 	 Start Period: 1 	 End Period: 1
Activity: The Emergence of Oncofertility (Past, Present & Fu (2.0) 	 Start Period: 1 	 End Period: 1
Activity: Fundamentals for Implementing a Hypertension Progr (3.0) 	 Start Period: 2 	 End Period: 2
Activity: Building and analyzing linear regression model in  (2.0) 	 Start Period: 2 	 End Period: 2
Activity: COVID Vaccine Ambassador Training: How to Talk to  (2.0) 	 Start Period: 2 	 End Period: 2
Activity: Edit your photos for Social Media with Easil (2.0) 	 Start Period: 2 	 End Period: 2
Solve time: 1.01
Job affinity: 43.478
Skills per Unit
	 Initial Activity:
	 Building and analyzing linear regression model in R:
		 Analyse medical data
		 Analyse test results to inform diagnosis or treatment
	 COVID-19 Training for Healthcare Workers:
		 Immunise patients
		 Manage health care operations
	 Fundamentals for Implementing a Hypertension Program:
		 Communicate health and wellness information to the public
		 Prescribe medications
	 COVID Vaccine Ambassador Training: How to Talk to Parents:
		 Communicate health and wellness information to the public
		 Provide health and wellness advice to patients, program participants or caregivers
	 The Emergence of Oncofertility (Past, Present & Future):
		 Conduct research to increase knowledge about medical issues
		 Develop medical treatment plans
	 Edit your photos for Social Media with Easil:
		 Operate diagnostic imaging equipment
Skills for Job Veterinarians
Examine patients to assess general physical condition
Treat animal injuries or illnesses
Immunise patients
Collect biological specimens from patients
Provide health and wellness advice to patients, program participants or caregivers
Care for animals
Communicate health and wellness information to the public
Conduct research to increase knowledge about medical issues
Manage health care operations
Operate on patients
Treat acute illnesses, infections or injuries
Prescribe medications
Develop medical treatment plans
Analyse test results to inform diagnosis or treatment
Operate diagnostic imaging equipment
Supervise medical support staff
Train medical providers
Determine protocols for medical procedures
Maintain medical facility records
Schedule patient procedures or appointments
Perform clerical work in medical settings
Analyse medical data
Maintain medical or professional knowledge
