Read instances: 0.73 s
Generate matrices: 26.93 s
The optimal value is 0.18736842105263157
###############################################
################## SCHEDULE ####################
###############################################
Activity: Initial Activity (1) 	 Start Period: 0 	 End Period: 0
Activity: Amazon Translate: Translate documents with batch t (2.0) 	 Start Period: 1 	 End Period: 1
Activity: Responding, Revising and Assessing Student Writing (12.0) 	 Start Period: 1 	 End Period: 1
Activity: Increase Reading Comprehension with Actively Learn (2.0) 	 Start Period: 1 	 End Period: 1
Activity: Setting Up a Digital Library with EPIC (2.0) 	 Start Period: 1 	 End Period: 1
Activity: Increase Student Buy in with Google Slides (2.0) 	 Start Period: 1 	 End Period: 1
Activity: Fundamentals of Speechwriting (2.0) 	 Start Period: 2 	 End Period: 2
Activity: Flush Out a Feature on Coursera in Miro (2.0) 	 Start Period: 2 	 End Period: 2
Activity: Introduction to Generative AI - Español (1.0) 	 Start Period: 2 	 End Period: 2
Activity: Create Model-driven Power App for Rental Company (2.0) 	 Start Period: 2 	 End Period: 2
Activity: Create a Virtual Classroom using Google Slides (2.0) 	 Start Period: 2 	 End Period: 2
Activity: Enhancing Communication with Remind (2.0) 	 Start Period: 2 	 End Period: 2
Activity: Use Microsoft PowerPoint to Create a Visual Schedu (2.0) 	 Start Period: 2 	 End Period: 2
Activity: Student Debt Crisis Teach-Out (5.0) 	 Start Period: 2 	 End Period: 2
Activity: Creating a Healthy Culture: Addressing Workplace B (2.0) 	 Start Period: 2 	 End Period: 2
Solve time: 2.90
Job affinity: 81.579
Skills per Unit
	 Initial Activity:
	 Flush Out a Feature on Coursera in Miro:
		 Maintain inventories of materials, equipment or products
	 Introduction to Generative AI - Español:
		 Analyse data to inform operational decisions or activities
	 Amazon Translate: Translate documents with batch translation:
		 Teach others to use technology or equipment
	 Create Model-driven Power App for Rental Company:
		 Prepare tests
	 Responding, Revising and Assessing Student Writings:
		 Administer tests to assess educational needs or progress
		 Assign class work to students
		 Develop instructional objectives
		 Evaluate student work
		 Prepare reports detailing student activities or performance
	 Increase Reading Comprehension with Actively Learn:
		 Administer tests to assess educational needs or progress
		 Create technology-based learning materials
		 Develop instructional objectives
		 Document lesson plans
		 Modify teaching methods or materials to accommodate student needs
		 Monitor student behaviour, social development or health
	 Create a Virtual Classroom using Google Slides:
		 Apply multiple teaching methods
		 Create technology-based learning materials
		 Encourage students
		 Order instructional or library materials or equipment
	 Setting Up a Digital Library with EPIC:
		 Collaborate with other teaching professionals to develop educational programs
		 Create technology-based learning materials
		 Display student work
		 Establish rules or policies governing student behaviour
		 Plan educational activities
		 Set up classroom materials or equipment
	 Enhancing Communication with Remind:
		 Create technology-based learning materials
		 Develop instructional objectives
		 Develop strategies or programs for students with accessibility needs
		 Discuss student progress with parents or guardians
		 Encourage students
	 Use Microsoft PowerPoint to Create a Visual Schedule:
		 Assist students with special educational needs
		 Create technology-based learning materials
		 Develop instructional objectives
		 Document lesson plans
	 Increase Student Buy in with Google Slides:
		 Create technology-based learning materials
		 Develop instructional objectives
		 Evaluate performance of educational staff
		 Plan educational activities
		 Plan experiential learning activities
	 Student Debt Crisis Teach-Out:
		 Advise students on academic or career matters
		 Maintain student records
	 Fundamentals of Speechwriting:
		 Attend training sessions or events to develop or maintain professional knowledge
		 Read to students
	 Creating a Healthy Culture: Addressing Workplace Bullying:
		 Enforce rules or policies governing student behaviour
Skills for Job Primary School Teachers
Set up classroom materials or equipment
Plan educational activities
Establish rules or policies governing student behaviour
Develop instructional objectives
Apply multiple teaching methods
Enforce rules or policies governing student behaviour
Modify teaching methods or materials to accommodate student needs
Encourage students
Advise students on academic or career matters
Create technology-based learning materials
Evaluate student work
Read to students
Monitor student performance
Collaborate with other teaching professionals to develop educational programs
Maintain student records
Discuss problems or issues with supervisors
Develop strategies or programs for students with accessibility needs
Supervise school or student activities
Monitor student behaviour, social development or health
Teach others to use technology or equipment
Assist students with special educational needs
Display student work
Assign class work to students
Discuss student progress with parents or guardians
Administer tests to assess educational needs or progress
Analyse data to inform operational decisions or activities
Prepare reports detailing student activities or performance
Document lesson plans
Evaluate performance of educational staff
Supervise student research or internship work
Prepare tests
Plan experiential learning activities
Attend training sessions or events to develop or maintain professional knowledge
Serve on institutional or departmental committees
Coordinate student extracurricular activities
Maintain inventories of materials, equipment or products
Distribute instructional or library materials
Order instructional or library materials or equipment
