Read instances: 0.71 s
Generate matrices: 7.82 s
The optimal value is 0.27499999999999997
###############################################
################## SCHEDULE ####################
###############################################
Activity: Initial Activity (1) 	 Start Period: 0 	 End Period: 0
Activity: Improving Content Mastery with Quizlet (2.0) 	 Start Period: 1 	 End Period: 1
Activity: Student Debt Crisis Teach-Out (5.0) 	 Start Period: 1 	 End Period: 1
Activity: Teaching in University Science Laboratories (Devel (14.0) 	 Start Period: 1 	 End Period: 2
Activity: Flush Out a Feature on Coursera in Miro (2.0) 	 Start Period: 2 	 End Period: 2
Activity: Creating Engaging Presentations with Mentimeter (2.0) 	 Start Period: 2 	 End Period: 2
Activity: Using Microsoft PowerPoint to Create a Choice Boar (2.0) 	 Start Period: 2 	 End Period: 2
Activity: How to Write a Resume (Project-Centered Course) (5.0) 	 Start Period: 2 	 End Period: 2
Activity: Lesson | Small Talk & Conversational Vocabulary (1.0) 	 Start Period: 2 	 End Period: 2
Activity: Lesson | Business English Skills: Introducing Your (1.0) 	 Start Period: 2 	 End Period: 2
Solve time: 0.88
Job affinity: 72.727
Skills per Unit
	 Initial Activity:
	 Flush Out a Feature on Coursera in Miro:
		 Maintain inventories of materials, equipment or products
	 Teaching in University Science Laboratories (Developing Best Practice):
		 Administer tests to assess educational needs or progress
		 Apply multiple teaching methods
		 Evaluate student work
		 Supervise laboratory work
	 Improving Content Mastery with Quizlet:
		 Administer tests to assess educational needs or progress
		 Assess educational needs of students
		 Create technology-based learning materials
		 Develop instructional objectives
		 Plan educational activities
		 Schedule instructional activities
		 Select educational materials or equipment
	 Creating Engaging Presentations with Mentimeter:
		 Create technology-based learning materials
		 Teach online courses
	 Using Microsoft PowerPoint to Create a Choice Board:
		 Create technology-based learning materials
		 Develop instructional objectives
		 Select educational materials or equipment
		 Teach online courses
	 Student Debt Crisis Teach-Out:
		 Advise students on academic or career matters
		 Maintain student records
	 How to Write a Resume (Project-Centered Course):
		 Prepare reports detailing student activities or performance
	 Lesson | Small Talk & Conversational Vocabulary:
		 Attend training sessions or events to develop or maintain professional knowledge
	 Lesson | Business English Skills: Introducing Yourself in Business Settings:
		 Attend training sessions or events to develop or maintain professional knowledge
Skills for Job Vocational Education Teachers / Polytechnic Teachers
Monitor student performance
Teach vocational courses
Teach online courses
Assess educational needs of students
Evaluate student work
Apply multiple teaching methods
Tutor students who need extra assistance
Maintain inventories of materials, equipment or products
Administer tests to assess educational needs or progress
Maintain student records
Prepare reports detailing student activities or performance
Supervise laboratory work
Supervise student research or internship work
Plan educational activities
Advise students on academic or career matters
Select educational materials or equipment
Create technology-based learning materials
Develop instructional objectives
Schedule instructional activities
Perform student enrolment or registration activities
Serve on institutional or departmental committees
Attend training sessions or events to develop or maintain professional knowledge
