Read instances: 0.73 s
Generate matrices: 4.32 s
The optimal value is 0.42928571428571427
###############################################
################## SCHEDULE ####################
###############################################
Activity: Initial Activity (1) 	 Start Period: 0 	 End Period: 0
Activity: Fundamental Human Physiology in Sports Medicine (6.0) 	 Start Period: 1 	 End Period: 1
Activity: The Emergence of Oncofertility (Past, Present & Fu (2.0) 	 Start Period: 1 	 End Period: 1
Activity: HPV-Associated Oral and Throat Cancer: What You Ne (3.0) 	 Start Period: 1 	 End Period: 2
Activity: Building and analyzing linear regression model in  (2.0) 	 Start Period: 2 	 End Period: 2
Activity: COVID Vaccine Ambassador Training: How to Talk to  (2.0) 	 Start Period: 2 	 End Period: 2
Solve time: 0.22
Job affinity: 57.143
Skills per Unit
	 Initial Activity:
	 Building and analyzing linear regression model in R:
		 Analyse test results to inform diagnosis or treatment
	 Fundamental Human Physiology in Sports Medicine:
		 Apply bandages, dressings or splints
		 Diagnose medical conditions
	 COVID Vaccine Ambassador Training: How to Talk to Parents:
		 Collect medical information from patients, family members or other medical professionals
		 Provide health and wellness advice to patients, program participants or caregivers
	 HPV-Associated Oral and Throat Cancer: What You Need to Know:
		 Advise patients of health conditions or treatments
		 Gather medical information from patient histories
	 The Emergence of Oncofertility (Past, Present & Future):
		 Collaborate with health care professionals to plan or provide treatment
		 Collect medical information from patients, family members or other medical professionals
Skills for Job Chiropractors and Osteopaths
Examine patients to assess general physical condition
Record patient medical histories
Treat patients using physical techniques
Advise patients of health conditions or treatments
Provide health and wellness advice to patients, program participants or caregivers
Analyse test results to inform diagnosis or treatment
Collect medical information from patients, family members or other medical professionals
Gather medical information from patient histories
Diagnose medical conditions
Schedule patient procedures or appointments
Collaborate with health care professionals to plan or provide treatment
Refer patients to other health care practitioners or health resources
Apply bandages, dressings or splints
Recommend types of assistive devices
