Read instances: 0.71 s
Generate matrices: 4.49 s
The optimal value is 0.5
###############################################
################## SCHEDULE ####################
###############################################
Activity: Initial Activity (1) 	 Start Period: 0 	 End Period: 0
Activity: Fundamentals for Implementing a Hypertension Progr (3.0) 	 Start Period: 1 	 End Period: 1
Activity: Getting started with ImageJ (2.0) 	 Start Period: 1 	 End Period: 1
Activity: Covid-19 Death Medical Analysis & Visualization us (2.0) 	 Start Period: 1 	 End Period: 1
Activity: HPV-Associated Oral and Throat Cancer: What You Ne (3.0) 	 Start Period: 1 	 End Period: 1
Activity: Generative AI Essentials: Overview and Impact (3.0) 	 Start Period: 2 	 End Period: 2
Activity: Understanding and Managing the Stresses of Police  (2.0) 	 Start Period: 2 	 End Period: 2
Activity: Kids with Cancer Still Need School: The Providers  (2.0) 	 Start Period: 2 	 End Period: 2
Activity: Edit your photos for Social Media with Easil (2.0) 	 Start Period: 2 	 End Period: 2
Solve time: 0.27
Job affinity: 50.000
Skills per Unit
	 Initial Activity:
	 Generative AI Essentials: Overview and Impact:
		 Design medical devices or appliances
	 Getting started with ImageJ:
		 Operate diagnostic or therapeutic medical instruments or equipment
	 Covid-19 Death Medical Analysis & Visualization using Plotly:
		 Analyse patient data to determine patient needs or treatment goals
	 Understanding and Managing the Stresses of Police Work:
		 Prepare health care training materials
	 Fundamentals for Implementing a Hypertension Program:
		 Prescribe medications
	 HPV-Associated Oral and Throat Cancer: What You Need to Know:
		 Diagnose dental conditions
		 Examine mouth, teeth, gums or related facial structures
	 Kids with Cancer Still Need School: The Providers Role:
		 Develop medical treatment plans
	 Edit your photos for Social Media with Easil:
		 Operate diagnostic imaging equipment
Skills for Job Dental Practitioners
Treat dental problems or diseases
Operate diagnostic or therapeutic medical instruments or equipment
Protect patients or staff members using safety equipment
Administer anaesthetics or sedatives to control pain
Develop medical treatment plans
Analyse patient data to determine patient needs or treatment goals
Supervise patient care staff
Diagnose dental conditions
Prescribe medications
Operate diagnostic imaging equipment
Examine mouth, teeth, gums or related facial structures
Operate on patients
Design public or employee health programs
Direct health care delivery programs
Prepare health care training materials
Adjust prostheses or other assistive devices
Design medical devices or appliances
Fabricate medical devices
