Read instances: 0.84 s
Generate matrices: 47.25 s
The optimal value is 0.4238461538461539
###############################################
################## SCHEDULE ####################
###############################################
Activity: Initial Activity (1) 	 Start Period: 0 	 End Period: 0
Activity: Increase Engagement to your Instagram Business Pro (2.0) 	 Start Period: 1 	 End Period: 1
Activity: Amazon Bedrock - Getting Started with Generative A (1.0) 	 Start Period: 1 	 End Period: 1
Activity: Building a Generative AI-Ready Organization (1.0) 	 Start Period: 1 	 End Period: 1
Activity: Create a Financial Statement using Microsoft Excel (2.0) 	 Start Period: 1 	 End Period: 1
Activity: NGO Startup Analysis with Nonprofit Business Model (2.0) 	 Start Period: 1 	 End Period: 1
Activity: Hiring and Onboarding Employees with ClickUp (2.0) 	 Start Period: 1 	 End Period: 1
Activity: Interpretable Machine Learning Applications: Part  (2.0) 	 Start Period: 2 	 End Period: 2
Activity: Mastering Digital Twins (1.0) 	 Start Period: 2 	 End Period: 2
Activity: Lesson | Business English Skills: How to Write Eff (1.0) 	 Start Period: 2 	 End Period: 2
Activity: Get started with Jira (2.0) 	 Start Period: 2 	 End Period: 2
Activity: How to Optimize Your Instagram Account (2.0) 	 Start Period: 2 	 End Period: 2
Solve time: 1.74
Job affinity: 57.692
Skills per Unit
	 Initial Activity:
	 Create a Financial Statement using Microsoft Excel:
		 Prepare financial documents, reports or budgets
	 Get started with Jira:
		 Confer with peers to accomplish work
	 How to Optimize Your Instagram Account:
		 Direct sales, marketing or customer service activities
	 Increase Engagement to your Instagram Business Profile:
		 Coordinate special events or programs
	 NGO Startup Analysis with Nonprofit Business Model Canvas:
		 Develop organisational policies or programs
		 Implement organisational process or policy changes
	 Hiring and Onboarding Employees with ClickUp:
		 Manage human resources activities
	 Interpretable Machine Learning Applications: Part 1:
		 Analyse data to assess operational or project effectiveness
		 Analyse data to inform operational decisions or activities
	 Amazon Bedrock - Getting Started with Generative AI:
		 Direct administrative or support services
		 Promote goods, services, or programs
	 Building a Generative AI-Ready Organization:
		 Advise others on legal or regulatory compliance matters
		 Develop organisational policies or programs
		 Direct organisational operations, projects or services
	 Mastering Digital Twins:
		 Coordinate with external parties to exchange information
	 Lesson | Business English Skills: How to Write Effective Openings and Closings to Emails:
		 Communicate organisational policies and procedures
Skills for Job Policy and Planning Managers
Develop organisational policies or programs
Communicate organisational policies and procedures
Direct financial operations
Direct organisational operations, projects or services
Implement organisational process or policy changes
Direct sales, marketing or customer service activities
Confer with peers to accomplish work
Analyse data to assess operational or project effectiveness
Manage human resources activities
Analyse data to inform operational decisions or activities
Manage construction activities
Prepare staff schedules or work assignments
Resolve employee or contractor problems
Negotiate contracts for transportation, distribution or logistics services
Direct administrative or support services
Draft legislation or regulations
Present information to the public
Prepare operational budgets
Advise others on legal or regulatory compliance matters
Represent the organisation in external relations
Liaise between departments or other groups to improve function or communication
Coordinate special events or programs
Prepare financial documents, reports or budgets
Prepare operational progress or status reports
Coordinate with external parties to exchange information
Promote goods, services, or programs
