Read instances: 0.83 s
Generate matrices: 50.23 s
The optimal value is 0.5761538461538461
###############################################
################## SCHEDULE ####################
###############################################
Activity: Initial Activity (1) 	 Start Period: 0 	 End Period: 0
Activity: How to make invitations using Canva (2.0) 	 Start Period: 1 	 End Period: 1
Activity: Amazon Bedrock - Getting Started with Generative A (1.0) 	 Start Period: 1 	 End Period: 1
Activity: Fraud Detection on Financial Transactions with Mac (2.0) 	 Start Period: 1 	 End Period: 2
Activity: Building a Generative AI-Ready Organization (1.0) 	 Start Period: 2 	 End Period: 2
Activity: Mastering Digital Twins (1.0) 	 Start Period: 2 	 End Period: 2
Activity: Using Google Forms for Student Success (2.0) 	 Start Period: 2 	 End Period: 2
Activity: Lesson | Business English Skills: How to Write Eff (1.0) 	 Start Period: 2 	 End Period: 2
Solve time: 0.93
Job affinity: 42.308
Skills per Unit
	 Initial Activity:
	 How to make invitations using Canva:
		 Coordinate special events or programs
	 Amazon Bedrock - Getting Started with Generative AI:
		 Direct administrative or support services
		 Promote goods, services, or programs
	 Building a Generative AI-Ready Organization:
		 Advise others on legal or regulatory compliance matters
		 Develop organisational policies or programs
		 Direct organisational operations, projects or services
	 Fraud Detection on Financial Transactions with Machine Learning on Google Cloud:
		 Analyse data to assess operational or project effectiveness
		 Analyse data to inform operational decisions or activities
	 Mastering Digital Twins:
		 Coordinate with external parties to exchange information
	 Using Google Forms for Student Success:
		 Confer with peers to accomplish work
	 Lesson | Business English Skills: How to Write Effective Openings and Closings to Emails:
		 Communicate organisational policies and procedures
Skills for Job Policy and Planning Managers
Develop organisational policies or programs
Communicate organisational policies and procedures
Direct financial operations
Direct organisational operations, projects or services
Implement organisational process or policy changes
Direct sales, marketing or customer service activities
Confer with peers to accomplish work
Analyse data to assess operational or project effectiveness
Manage human resources activities
Analyse data to inform operational decisions or activities
Manage construction activities
Prepare staff schedules or work assignments
Resolve employee or contractor problems
Negotiate contracts for transportation, distribution or logistics services
Direct administrative or support services
Draft legislation or regulations
Present information to the public
Prepare operational budgets
Advise others on legal or regulatory compliance matters
Represent the organisation in external relations
Liaise between departments or other groups to improve function or communication
Coordinate special events or programs
Prepare financial documents, reports or budgets
Prepare operational progress or status reports
Coordinate with external parties to exchange information
Promote goods, services, or programs
