Read instances: 0.71 s
Generate matrices: 20.49 s
The optimal value is 0.26166666666666666
###############################################
################## SCHEDULE ####################
###############################################
Activity: Initial Activity (1) 	 Start Period: 0 	 End Period: 0
Activity: Business Analysis & Process Management (2.0) 	 Start Period: 1 	 End Period: 1
Activity: Application of Data Analysis in Business with R Pr (2.0) 	 Start Period: 1 	 End Period: 1
Activity: Encoder-Decoder Architecture (1.0) 	 Start Period: 1 	 End Period: 1
Activity: Monetary Policy in the Asia Pacific (8.0) 	 Start Period: 1 	 End Period: 1
Activity: Create Employee Management System with When I Work (2.0) 	 Start Period: 1 	 End Period: 1
Activity: Design Thinking and Global Startup (7.0) 	 Start Period: 1 	 End Period: 2
Activity: Introduction to Responsible AI (1.0) 	 Start Period: 2 	 End Period: 2
Activity: Hosting a Static Website (HTML/CSS/Javascript) in  (2.0) 	 Start Period: 2 	 End Period: 2
Activity: Hosting a Static Website (HTML/CSS/Javascript) in  (2.0) 	 Start Period: 2 	 End Period: 2
Activity: Create a Project Management Tracker using Microsof (2.0) 	 Start Period: 2 	 End Period: 2
Activity: Assimilating into Your New Job (2.0) 	 Start Period: 2 	 End Period: 2
Activity: Hiring and Onboarding Employees with ClickUp (2.0) 	 Start Period: 2 	 End Period: 2
Solve time: 3.29
Job affinity: 74.074
Skills per Unit
	 Initial Activity:
	 Business Analysis & Process Management:
		 Develop procedures to evaluate organisational activities
	 Create a Project Management Tracker using Microsoft Excel:
		 Manage operations, research or logistics projects
	 Design Thinking and Global Startup:
		 Develop operating strategies, plans or procedures
		 Develop organisational policies or programs
		 Implement organisational process or policy changes
		 Liaise between departments or other groups to improve function or communication
	 Create Employee Management System with When I Work:
		 Develop operating strategies, plans or procedures
		 Evaluate employee performance
		 Hire staff
		 Recruit staff
	 Hiring and Onboarding Employees with ClickUp:
		 Develop operating strategies, plans or procedures
		 Hire staff
		 Manage human resources activities
	 Application of Data Analysis in Business with R Programming:
		 Coordinate operational activities with external stakeholders
	 Introduction to Responsible AI:
		 Advise others on legal or regulatory compliance matters
		 Analyse risks to minimise losses or damages
	 Encoder-Decoder Architecture:
		 Maintain knowledge of current developments in area of expertise
	 Hosting a Static Website (HTML/CSS/Javascript) in AWS S3:
		 Maintain data in information systems or databases
		 Monitor resources
	 Hosting a Static Website (HTML/CSS/Javascript) in AWS S3:
		 Maintain data in information systems or databases
		 Monitor facilities or operational systems
	 Monetary Policy in the Asia Pacific:
		 Direct financial operations
	 Assimilating into Your New Job:
		 Conduct employee training programs
		 Develop organisational goals or objectives
		 Hire staff
Skills for Job Nurse Managers
Prepare staff schedules or work assignments
Evaluate employee performance
Supervise employees
Maintain operational records
Maintain data in information systems or databases
Implement organisational process or policy changes
Monitor resources
Monitor performance of organisational members or partners
Manage operations, research or logistics projects
Coordinate operational activities with external stakeholders
Conduct employee training programs
Liaise between departments or other groups to improve function or communication
Manage human resources activities
Maintain knowledge of current developments in area of expertise
Prepare operational progress or status reports
Develop procedures to evaluate organisational activities
Develop organisational goals or objectives
Inspect condition, or functioning, of facilities or equipment
Advise others on legal or regulatory compliance matters
Monitor facilities or operational systems
Analyse risks to minimise losses or damages
Prepare operational budgets
Direct financial operations
Develop operating strategies, plans or procedures
Develop organisational policies or programs
Hire staff
Recruit staff
