Read instances: 0.70 s
Generate matrices: 15.72 s
The optimal value is 0.20299999999999999
###############################################
################## SCHEDULE ####################
###############################################
Activity: Initial Activity (1) 	 Start Period: 0 	 End Period: 0
Activity: Getting Started with Ubuntu Linux (2.0) 	 Start Period: 1 	 End Period: 1
Activity: Unity for Absolute Beginners - Getting Started (2.0) 	 Start Period: 1 	 End Period: 1
Activity: Amazon CodeWhisperer - Getting Started with Genera (1.0) 	 Start Period: 1 	 End Period: 1
Activity: Stock Valuation with Comparable Companies Analysis (2.0) 	 Start Period: 2 	 End Period: 2
Activity: Linux on LinuxONE (1.0) 	 Start Period: 2 	 End Period: 2
Activity: Encoder-Decoder Architecture - Português Brasileir (1.0) 	 Start Period: 2 	 End Period: 2
Activity: Getting started with Microsoft Office 365 (2.0) 	 Start Period: 2 	 End Period: 2
Activity: NGO Startup Analysis with Nonprofit Business Model (2.0) 	 Start Period: 2 	 End Period: 2
Activity: Getting Started with Microsoft Word (2.0) 	 Start Period: 2 	 End Period: 2
Solve time: 0.65
Job affinity: 80.000
Skills per Unit
	 Initial Activity:
	 Stock Valuation with Comparable Companies Analysis:
		 Conduct research to gain information about products or processes
	 Getting started with Microsoft Office 365:
		 Document operational activities
	 NGO Startup Analysis with Nonprofit Business Model Canvas:
		 Conduct research to gain information about products or processes
	 Getting Started with Microsoft Word:
		 Collaborate with others to resolve information technology issues
		 Document design or development procedures
	 Unity for Absolute Beginners - Getting Started:
		 Provide technical support for software maintenance or use
		 Test computer system operations to ensure proper functioning
	 Amazon CodeWhisperer - Getting Started with Generative AI:
		 Develop testing routines or procedures
		 Evaluate utility of software or hardware technologies
		 Provide technical support for software maintenance or use
	 Linux on LinuxONE:
		 Install computer software
		 Monitor computer system performance to ensure proper operation
	 Getting Started with Ubuntu Linux:
		 Evaluate utility of software or hardware technologies
		 Install computer software
		 Recommend changes to improve computer or information systems
	 Encoder-Decoder Architecture - Português Brasileiro:
		 Analyse data to identify or resolve operational problems
Skills for Job ICT Support and Test Engineers
Monitor computer system performance to ensure proper operation
Review computer information systems, procedures and networks
Troubleshoot issues with computer applications or systems
Analyse data to identify or resolve operational problems
Test software performance
Test computer system operations to ensure proper functioning
Install computer software
Evaluate utility of software or hardware technologies
Document operational activities
Develop testing routines or procedures
Provide technical support for software maintenance or use
Collaborate with others to resolve information technology issues
Recommend changes to improve computer or information systems
Document design or development procedures
Conduct research to gain information about products or processes
