Read instances: 0.72 s
Generate matrices: 4.48 s
The optimal value is 0.27499999999999997
###############################################
################## SCHEDULE ####################
###############################################
Activity: Initial Activity (1) 	 Start Period: 0 	 End Period: 0
Activity: Business Models for Innovative Care for Older Peop (11.0) 	 Start Period: 1 	 End Period: 1
Activity: Responsible Reporting on Suicide for Journalists (7.0) 	 Start Period: 1 	 End Period: 1
Activity: Evaluating Student Understanding with Socrative (2.0) 	 Start Period: 1 	 End Period: 1
Activity: Christian Virtues for Spiritual Growth (5.0) 	 Start Period: 2 	 End Period: 2
Activity: Sales Fundamentals (10.0) 	 Start Period: 2 	 End Period: 2
Activity: Increase Engagement to your Instagram Business Pro (2.0) 	 Start Period: 2 	 End Period: 2
Solve time: 0.36
Job affinity: 72.727
Skills per Unit
	 Initial Activity:
	 Sales Fundamentals:
		 Lead classes or community events
	 Business Models for Innovative Care for Older People:
		 Manage organisational or program finances
	 Increase Engagement to your Instagram Business Profile:
		 Plan conferences, programs or special events
	 Responsible Reporting on Suicide for Journalists:
		 Counsel clients or patients regarding personal issues
		 Intervene in crisis situations to assist clients
	 Evaluating Student Understanding with Socrative:
		 Develop educational programs
	 Christian Virtues for Spiritual Growth:
		 Develop promotional strategies for religious organisations
		 Interpret cultural or religious information
Skills for Job Ministers of Religion
Lead classes or community events
Counsel clients or patients regarding personal issues
Interpret cultural or religious information
Manage organisational or program finances
Develop educational programs
Develop promotional strategies for religious organisations
Train staff members in social services skills
Visit individuals in their homes to provide support or information
Intervene in crisis situations to assist clients
Refer clients to community or social service programs
Plan conferences, programs or special events
