Read instances: 0.72 s
Generate matrices: 9.76 s
The optimal value is 0.08750000000000001
###############################################
################## SCHEDULE ####################
###############################################
Activity: Initial Activity (1) 	 Start Period: 0 	 End Period: 0
Activity: Write Smarter with Overleaf and LaTeX (6.0) 	 Start Period: 1 	 End Period: 1
Activity: From Excel to Power BI (3.0) 	 Start Period: 1 	 End Period: 1
Activity: Philosophy and the Sciences: Introduction to the P (11.0) 	 Start Period: 1 	 End Period: 1
Activity: Fundamentals of Speechwriting (2.0) 	 Start Period: 2 	 End Period: 2
Activity: Mind Control: Managing Your Mental Health During C (2.0) 	 Start Period: 2 	 End Period: 2
Activity: The AI Awakening: Implications for the Economy and (3.0) 	 Start Period: 2 	 End Period: 2
Activity: Arctic Economy (5.0) 	 Start Period: 2 	 End Period: 2
Activity: Off the Clock: The Many Faces of Time (4.0) 	 Start Period: 2 	 End Period: 2
Solve time: 1.08
Job affinity: 91.667
Skills per Unit
	 Initial Activity:
	 Write Smarter with Overleaf and LaTeX:
		 Present research results
	 Mind Control: Managing Your Mental Health During COVID-19:
		 Design psychological or educational treatment procedures or programs
	 From Excel to Power BI:
		 Interpret research or operational data
	 The AI Awakening: Implications for the Economy and Society:
		 Coordinate cross-disciplinary research programs
		 Instruct tertiary students in social sciences or humanities disciplines
	 Arctic Economy:
		 Develop methods of social or economic research
		 Plan social sciences research
	 Philosophy and the Sciences: Introduction to the Philosophy of Cognitive Sciences:
		 Advise others on matters of public policy
		 Conduct research on social issues
		 Develop methods of social or economic research
		 Instruct tertiary students in social sciences or humanities disciplines
	 Fundamentals of Speechwriting:
		 Collect information from people through observation, interviews or surveys
		 Prepare scientific or technical reports or presentations
	 Off the Clock: The Many Faces of Time:
		 Coordinate cross-disciplinary research programs
Skills for Job Social Professionals
Conduct research on social issues
Collect information from people through observation, interviews or surveys
Prepare scientific or technical reports or presentations
Instruct tertiary students in social sciences or humanities disciplines
Supervise scientific or technical staff
Plan social sciences research
Interpret research or operational data
Advise others on matters of public policy
Coordinate cross-disciplinary research programs
Develop methods of social or economic research
Design psychological or educational treatment procedures or programs
Present research results
