Read instances: 0.72 s
Generate matrices: 2.75 s
The optimal value is 0.6283333333333333
###############################################
################## SCHEDULE ####################
###############################################
Activity: Initial Activity (1) 	 Start Period: 0 	 End Period: 0
Activity: How to Get Into Robotics (6.0) 	 Start Period: 1 	 End Period: 1
Activity: Materials Science: 10 Things Every Engineer Should (8.0) 	 Start Period: 1 	 End Period: 1
Activity: EV Evolution: Comprehensive Introduction to EVs (1.0) 	 Start Period: 1 	 End Period: 1
Activity: Human Predicament Complex Modeling (2.0) 	 Start Period: 1 	 End Period: 1
Activity: Lesson | Business English Skills: How to Write Eff (1.0) 	 Start Period: 1 	 End Period: 1
Activity: Create Landscapes in Unity Part 1 - Terrain (10.0) 	 Start Period: 2 	 End Period: 2
Activity: Setting up AWS Application Load Balancer (2.0) 	 Start Period: 2 	 End Period: 2
Activity: Mechanics of Materials IV: Deflections, Buckling,  (8.0) 	 Start Period: 2 	 End Period: 2
Solve time: 0.14
Job affinity: 37.037
Skills per Unit
	 Initial Activity:
	 How to Get Into Robotics:
		 Operate cranes, hoists or other moving or lifting equipment
	 Create Landscapes in Unity Part 1 - Terrain:
		 Apply decorative or textured finishes or coverings
		 Apply material to fill gaps in surfaces
	 Setting up AWS Application Load Balancer:
		 Dismantle equipment or temporary structures
	 Materials Science: 10 Things Every Engineer Should Know:
		 Select construction materials
	 EV Evolution: Comprehensive Introduction to EVs:
		 Drive trucks or truck-mounted equipment
	 Mechanics of Materials IV: Deflections, Buckling, Combined Loading & Failure Theories:
		 Install metal structural components
		 Load or unload materials used in construction or mining
	 Human Predicament Complex Modeling:
		 Fabricate parts or components
	 Lesson | Business English Skills: How to Write Effective Openings and Closings to Emails:
		 Communicate with clients about products, procedures and policies
Skills for Job Glaziers
Cut glass
Install doors or windows
Install metal structural components
Load or unload materials used in construction or mining
Smooth surfaces with abrasive materials or tools
Apply material to fill gaps in surfaces
Select construction materials
Install building fixtures
Measure materials or objects for installation or assembly
Communicate with clients about products, procedures and policies
Verify alignment of structures or equipment
Review blueprints or specifications to determine work requirements
Operate cranes, hoists or other moving or lifting equipment
Drive trucks or truck-mounted equipment
Fabricate parts or components
Remove worn, damaged or outdated materials from work areas
Install wooden structural components
Protect structures or surfaces near work areas to avoid damage
Trim excess material from installations
Mark reference points on construction materials
Cut metal components
Cut wood components
Assemble temporary equipment or structures
Dismantle equipment or temporary structures
Apply decorative or textured finishes or coverings
Apply adhesives to construction materials
Cut carpet, vinyl or other flexible materials
