Read instances: 0.76 s
Generate matrices: 2.53 s
The optimal value is 0.8243103448275861
###############################################
################## SCHEDULE ####################
###############################################
Activity: Initial Activity (1) 	 Start Period: 0 	 End Period: 0
Activity: Introduction to Large Language Models (1.0) 	 Start Period: 1 	 End Period: 1
Activity: Materials Science: 10 Things Every Engineer Should (8.0) 	 Start Period: 1 	 End Period: 1
Activity: Protecting the World: Introducing Corrosion Scienc (11.0) 	 Start Period: 1 	 End Period: 2
Solve time: 0.04
Job affinity: 17.241
Skills per Unit
	 Initial Activity:
	 Introduction to Large Language Models:
		 Communicate with clients about products, procedures and policies
	 Materials Science: 10 Things Every Engineer Should Know:
		 Estimate materials requirements for projects
		 Select construction materials
	 Protecting the World: Introducing Corrosion Science and Engineering:
		 Apply sealants or other protective coatings
		 Inspect work sites to determine condition or necessary repairs
Skills for Job Wall and Floor Tilers
Apply adhesives to construction materials
Align masonry materials
Cut tile, stone or other masonry materials
Apply mortar
Install masonry materials
Determine construction project layouts
Mix substances or compounds needed for work activities
Spread concrete or other aggregate mixtures
Cut carpet, vinyl or other flexible materials
Remove excess materials from finished construction projects
Assemble temporary equipment or structures
Mark reference points on construction materials
Measure work site dimensions
Install building fixtures
Inspect work sites to determine condition or necessary repairs
Remove worn, damaged or outdated materials from work areas
Estimate materials requirements for projects
Review blueprints or specifications to determine work requirements
Estimate construction project costs
Estimate construction project labour requirements
Apply sealants or other protective coatings
Communicate with clients about products, procedures and policies
Drill holes in construction materials
Order construction or mining materials or equipment
Select construction materials
Clean surfaces before commencing work
Measure materials or objects for installation or assembly
Cut metal components
Smooth surfaces with abrasive materials or tools
