Read instances: 0.73 s
Generate matrices: 7.29 s
The optimal value is 0.49999999999999994
###############################################
################## SCHEDULE ####################
###############################################
Activity: Initial Activity (1) 	 Start Period: 0 	 End Period: 0
Activity: Getting started with Microsoft Office 365 (2.0) 	 Start Period: 1 	 End Period: 1
Activity: Build a Full Stack Twitter clone with Next.js (2.0) 	 Start Period: 1 	 End Period: 1
Activity: Landing.AI for Beginners: Build Data Visualization (1.0) 	 Start Period: 1 	 End Period: 1
Activity: Electric Power Systems (12.0) 	 Start Period: 1 	 End Period: 1
Activity: Command Line Interface (CLI) With Golang From Info (2.0) 	 Start Period: 1 	 End Period: 2
Activity: Create an Android App with Kotlin (2.0) 	 Start Period: 2 	 End Period: 2
Activity: Predict Employee Turnover with scikit-learn (2.0) 	 Start Period: 2 	 End Period: 2
Activity: Amazon CodeWhisperer - Getting Started with Genera (1.0) 	 Start Period: 2 	 End Period: 2
Activity: Introduction to Networking (1.0) 	 Start Period: 2 	 End Period: 2
Activity: Linux on LinuxONE (1.0) 	 Start Period: 2 	 End Period: 2
Activity: Lesson | Video Conferencing: Face to Face but Onli (1.0) 	 Start Period: 2 	 End Period: 2
Activity: GST - Genesis and imposition! (12.0) 	 Start Period: 2 	 End Period: 2
Solve time: 0.68
Job affinity: 50.000
Skills per Unit
	 Initial Activity:
	 GST - Genesis and imposition!:
		 Determine types of equipment, tools, or materials needed for jobs
		 Explain use of goods or services
	 Getting started with Microsoft Office 365:
		 Document operational activities
	 Create an Android App with Kotlin:
		 Inspect telecommunications equipment to identify problems
	 Build a Full Stack Twitter clone with Next.js:
		 Assemble electrical components, subsystems or systems
	 Command Line Interface (CLI) With Golang From Infosys:
		 Test communications equipment to ensure proper functioning
		 Test electrical circuits or components for proper functioning
	 Predict Employee Turnover with scikit-learn:
		 Adjust equipment for optimal performance
		 Interpret blueprints, specifications or diagrams
	 Landing.AI for Beginners: Build Data Visualization AI Models:
		 Analyse test or performance data to assess equipment operation
	 Amazon CodeWhisperer - Getting Started with Generative AI:
		 Enter codes or other information into computers
	 Introduction to Networking:
		 Configure computer networks
	 Linux on LinuxONE:
		 Install programs onto computer or computer-controlled equipment
	 Electric Power Systems:
		 Install electrical components, equipment or systems
		 Maintain work equipment or machinery
		 Test electrical circuits or components for proper functioning
	 Lesson | Video Conferencing: Face to Face but Online:
		 Confer with co-workers to resolve equipment problems
		 Install audio or communications equipment
Skills for Job Telecommunications Trades Workers
Install audio or communications equipment
Lay cables to connect equipment
Confer with co-workers to resolve equipment problems
Test communications equipment to ensure proper functioning
Drive vehicles to, or at, work sites
Measure equipment outputs
Explain use of goods or services
Run wiring to connect equipment
Use equipment to climb structures
Test electrical circuits or components for proper functioning
Clean work areas
Inspect telecommunications equipment to identify problems
Repair electronic equipment
Connect electrical components or equipment
Install insulation in equipment or structures
Install electrical components, equipment or systems
Rewire electrical or electronic systems
Determine types of equipment, tools, or materials needed for jobs
Analyse test or performance data to assess equipment operation
Configure computer networks
Clean or repair equipment, parts or tools
Adjust equipment for optimal performance
Assemble electrical components, subsystems or systems
Document operational activities
Install programs onto computer or computer-controlled equipment
Repair electrical components
Maintain work equipment or machinery
Read technical information needed to perform maintenance or repairs
Troubleshoot equipment or systems operation problems
Interpret blueprints, specifications or diagrams
Enter codes or other information into computers
Dig holes or trenches
Advise others on issues related to repairs, installation or equipment design
Lubricate equipment to allow proper functioning
